This file contains any messages produced by compilers while
running configure, to aid debugging if configure makes a mistake.

It was created by Protocol Buffers configure 3.6.1, which was
generated by GNU Autoconf 2.69.  Invocation command line was

  $ ./configure CXXFLAGS=-fPIC --prefix=/home/long/desktop/phxrpcsvr/third_part/phxrpc/third_part/protobuf

## --------- ##
## Platform. ##
## --------- ##

hostname = long-Lenovo-G40-70m
uname -m = x86_64
uname -r = 4.4.0-36-generic
uname -s = Linux
uname -v = #55~14.04.1-Ubuntu SMP Fri Aug 12 11:49:30 UTC 2016

/usr/bin/uname -p = unknown
/bin/uname -X     = unknown

/bin/arch              = unknown
/usr/bin/arch -k       = unknown
/usr/convex/getsysinfo = unknown
/usr/bin/hostinfo      = unknown
/bin/machine           = unknown
/usr/bin/oslevel       = unknown
/bin/universe          = unknown

PATH: /home/long/.rvm/gems/ruby-2.2.4/bin
PATH: /home/long/.rvm/gems/ruby-2.2.4@global/bin
PATH: /usr/share/rvm/rubies/ruby-2.2.4/bin
PATH: /usr/local/sbin
PATH: /usr/local/bin
PATH: /usr/sbin
PATH: /usr/bin
PATH: /sbin
PATH: /bin
PATH: /usr/games
PATH: /usr/local/games
PATH: /usr/share/rvm/bin
PATH: /usr/java/jdk1.8.0_121/bin
PATH: /usr/java/jdk1.8.0_121/jre/bin
PATH: /usr/java/jdk1.8.0_121/bin
PATH: /usr/java/jdk1.8.0_121/jre/bin


## ----------- ##
## Core tests. ##
## ----------- ##

configure:2601: checking whether to enable maintainer-specific portions of Makefiles
configure:2610: result: yes
configure:2685: checking build system type
configure:2699: result: x86_64-unknown-linux-gnu
configure:2719: checking host system type
configure:2732: result: x86_64-unknown-linux-gnu
configure:2752: checking target system type
configure:2765: result: x86_64-unknown-linux-gnu
configure:2808: checking for a BSD-compatible install
configure:2876: result: /usr/bin/install -c
configure:2887: checking whether build environment is sane
configure:2942: result: yes
configure:3093: checking for a thread-safe mkdir -p
configure:3132: result: /bin/mkdir -p
configure:3139: checking for gawk
configure:3155: found /usr/bin/gawk
configure:3166: result: gawk
configure:3177: checking whether make sets $(MAKE)
configure:3199: result: yes
configure:3228: checking whether make supports nested variables
configure:3245: result: yes
configure:3334: checking whether UID '1000' is supported by ustar format
configure:3337: result: yes
configure:3344: checking whether GID '1000' is supported by ustar format
configure:3347: result: yes
configure:3355: checking how to create a ustar tar archive
configure:3366: tar --version
tar (GNU tar) 1.27.1
Copyright (C) 2013 Free Software Foundation, Inc.
License GPLv3+: GNU GPL version 3 or later <http://gnu.org/licenses/gpl.html>.
This is free software: you are free to change and redistribute it.
There is NO WARRANTY, to the extent permitted by law.

Written by John Gilmore and Jay Fenlason.
configure:3369: $? = 0
configure:3409: tardir=conftest.dir && eval tar --format=ustar -chf - "$tardir" >conftest.tar
configure:3412: $? = 0
configure:3416: tar -xf - <conftest.tar
configure:3419: $? = 0
configure:3421: cat conftest.dir/file
GrepMe
configure:3424: $? = 0
configure:3437: result: gnutar
configure:3568: checking for gcc
configure:3584: found /usr/bin/gcc
configure:3595: result: gcc
configure:3824: checking for C compiler version
configure:3833: gcc --version >&5
gcc (Ubuntu 4.8.4-2ubuntu1~14.04.3) 4.8.4
Copyright (C) 2013 Free Software Foundation, Inc.
This is free software; see the source for copying conditions.  There is NO
warranty; not even for MERCHANTABILITY or FITNESS FOR A PARTICULAR PURPOSE.

configure:3844: $? = 0
configure:3833: gcc -v >&5
Using built-in specs.
COLLECT_GCC=gcc
COLLECT_LTO_WRAPPER=/usr/lib/gcc/x86_64-linux-gnu/4.8/lto-wrapper
Target: x86_64-linux-gnu
Configured with: ../src/configure -v --with-pkgversion='Ubuntu 4.8.4-2ubuntu1~14.04.3' --with-bugurl=file:///usr/share/doc/gcc-4.8/README.Bugs --enable-languages=c,c++,java,go,d,fortran,objc,obj-c++ --prefix=/usr --program-suffix=-4.8 --enable-shared --enable-linker-build-id --libexecdir=/usr/lib --without-included-gettext --enable-threads=posix --with-gxx-include-dir=/usr/include/c++/4.8 --libdir=/usr/lib --enable-nls --with-sysroot=/ --enable-clocale=gnu --enable-libstdcxx-debug --enable-libstdcxx-time=yes --enable-gnu-unique-object --disable-libmudflap --enable-plugin --with-system-zlib --disable-browser-plugin --enable-java-awt=gtk --enable-gtk-cairo --with-java-home=/usr/lib/jvm/java-1.5.0-gcj-4.8-amd64/jre --enable-java-home --with-jvm-root-dir=/usr/lib/jvm/java-1.5.0-gcj-4.8-amd64 --with-jvm-jar-dir=/usr/lib/jvm-exports/java-1.5.0-gcj-4.8-amd64 --with-arch-directory=amd64 --with-ecj-jar=/usr/share/java/eclipse-ecj.jar --enable-objc-gc --enable-multiarch --disable-werror --with-arch-32=i686 --with-abi=m64 --with-multilib-list=m32,m64,mx32 --with-tune=generic --enable-checking=release --build=x86_64-linux-gnu --host=x86_64-linux-gnu --target=x86_64-linux-gnu
Thread model: posix
gcc version 4.8.4 (Ubuntu 4.8.4-2ubuntu1~14.04.3) 
configure:3844: $? = 0
configure:3833: gcc -V >&5
gcc: error: unrecognized command line option '-V'
gcc: fatal error: no input files
compilation terminated.
configure:3844: $? = 4
configure:3833: gcc -qversion >&5
gcc: error: unrecognized command line option '-qversion'
gcc: fatal error: no input files
compilation terminated.
configure:3844: $? = 4
configure:3864: checking whether the C compiler works
configure:3886: gcc    conftest.c  >&5
configure:3890: $? = 0
configure:3938: result: yes
configure:3941: checking for C compiler default output file name
configure:3943: result: a.out
configure:3949: checking for suffix of executables
configure:3956: gcc -o conftest    conftest.c  >&5
configure:3960: $? = 0
configure:3982: result: 
configure:4004: checking whether we are cross compiling
configure:4012: gcc -o conftest    conftest.c  >&5
configure:4016: $? = 0
configure:4023: ./conftest
configure:4027: $? = 0
configure:4042: result: no
configure:4047: checking for suffix of object files
configure:4069: gcc -c   conftest.c >&5
configure:4073: $? = 0
configure:4094: result: o
configure:4098: checking whether we are using the GNU C compiler
configure:4117: gcc -c   conftest.c >&5
configure:4117: $? = 0
configure:4126: result: yes
configure:4135: checking whether gcc accepts -g
configure:4155: gcc -c -g  conftest.c >&5
configure:4155: $? = 0
configure:4196: result: yes
configure:4213: checking for gcc option to accept ISO C89
configure:4276: gcc  -c   conftest.c >&5
configure:4276: $? = 0
configure:4289: result: none needed
configure:4314: checking whether gcc understands -c and -o together
configure:4336: gcc -c conftest.c -o conftest2.o
configure:4339: $? = 0
configure:4336: gcc -c conftest.c -o conftest2.o
configure:4339: $? = 0
configure:4351: result: yes
configure:4379: checking for style of include used by make
configure:4407: result: GNU
configure:4433: checking dependency style of gcc
configure:4544: result: gcc3
configure:4617: checking for g++
configure:4633: found /usr/bin/g++
configure:4644: result: g++
configure:4671: checking for C++ compiler version
configure:4680: g++ --version >&5
g++ (Ubuntu 4.8.4-2ubuntu1~14.04.3) 4.8.4
Copyright (C) 2013 Free Software Foundation, Inc.
This is free software; see the source for copying conditions.  There is NO
warranty; not even for MERCHANTABILITY or FITNESS FOR A PARTICULAR PURPOSE.

configure:4691: $? = 0
configure:4680: g++ -v >&5
Using built-in specs.
COLLECT_GCC=g++
COLLECT_LTO_WRAPPER=/usr/lib/gcc/x86_64-linux-gnu/4.8/lto-wrapper
Target: x86_64-linux-gnu
Configured with: ../src/configure -v --with-pkgversion='Ubuntu 4.8.4-2ubuntu1~14.04.3' --with-bugurl=file:///usr/share/doc/gcc-4.8/README.Bugs --enable-languages=c,c++,java,go,d,fortran,objc,obj-c++ --prefix=/usr --program-suffix=-4.8 --enable-shared --enable-linker-build-id --libexecdir=/usr/lib --without-included-gettext --enable-threads=posix --with-gxx-include-dir=/usr/include/c++/4.8 --libdir=/usr/lib --enable-nls --with-sysroot=/ --enable-clocale=gnu --enable-libstdcxx-debug --enable-libstdcxx-time=yes --enable-gnu-unique-object --disable-libmudflap --enable-plugin --with-system-zlib --disable-browser-plugin --enable-java-awt=gtk --enable-gtk-cairo --with-java-home=/usr/lib/jvm/java-1.5.0-gcj-4.8-amd64/jre --enable-java-home --with-jvm-root-dir=/usr/lib/jvm/java-1.5.0-gcj-4.8-amd64 --with-jvm-jar-dir=/usr/lib/jvm-exports/java-1.5.0-gcj-4.8-amd64 --with-arch-directory=amd64 --with-ecj-jar=/usr/share/java/eclipse-ecj.jar --enable-objc-gc --enable-multiarch --disable-werror --with-arch-32=i686 --with-abi=m64 --with-multilib-list=m32,m64,mx32 --with-tune=generic --enable-checking=release --build=x86_64-linux-gnu --host=x86_64-linux-gnu --target=x86_64-linux-gnu
Thread model: posix
gcc version 4.8.4 (Ubuntu 4.8.4-2ubuntu1~14.04.3) 
configure:4691: $? = 0
configure:4680: g++ -V >&5
g++: error: unrecognized command line option '-V'
g++: fatal error: no input files
compilation terminated.
configure:4691: $? = 4
configure:4680: g++ -qversion >&5
g++: error: unrecognized command line option '-qversion'
g++: fatal error: no input files
compilation terminated.
configure:4691: $? = 4
configure:4695: checking whether we are using the GNU C++ compiler
configure:4714: g++ -c -fPIC  conftest.cpp >&5
configure:4714: $? = 0
configure:4723: result: yes
configure:4732: checking whether g++ accepts -g
configure:4752: g++ -c -g  conftest.cpp >&5
configure:4752: $? = 0
configure:4793: result: yes
configure:4818: checking dependency style of g++
configure:4929: result: gcc3
configure:4949: checking how to run the C preprocessor
configure:4980: gcc -E  conftest.c
configure:4980: $? = 0
configure:4994: gcc -E  conftest.c
conftest.c:11:28: fatal error: ac_nonexistent.h: No such file or directory
 #include <ac_nonexistent.h>
                            ^
compilation terminated.
configure:4994: $? = 1
configure: failed program was:
| /* confdefs.h */
| #define PACKAGE_NAME "Protocol Buffers"
| #define PACKAGE_TARNAME "protobuf"
| #define PACKAGE_VERSION "3.6.1"
| #define PACKAGE_STRING "Protocol Buffers 3.6.1"
| #define PACKAGE_BUGREPORT "protobuf@googlegroups.com"
| #define PACKAGE_URL ""
| #define PACKAGE "protobuf"
| #define VERSION "3.6.1"
| /* end confdefs.h.  */
| #include <ac_nonexistent.h>
configure:5019: result: gcc -E
configure:5039: gcc -E  conftest.c
configure:5039: $? = 0
configure:5053: gcc -E  conftest.c
conftest.c:11:28: fatal error: ac_nonexistent.h: No such file or directory
 #include <ac_nonexistent.h>
                            ^
compilation terminated.
configure:5053: $? = 1
configure: failed program was:
| /* confdefs.h */
| #define PACKAGE_NAME "Protocol Buffers"
| #define PACKAGE_TARNAME "protobuf"
| #define PACKAGE_VERSION "3.6.1"
| #define PACKAGE_STRING "Protocol Buffers 3.6.1"
| #define PACKAGE_BUGREPORT "protobuf@googlegroups.com"
| #define PACKAGE_URL ""
| #define PACKAGE "protobuf"
| #define VERSION "3.6.1"
| /* end confdefs.h.  */
| #include <ac_nonexistent.h>
configure:5137: checking for gcc
configure:5153: found /usr/bin/gcc
configure:5164: result: gcc
configure:5393: checking for C compiler version
configure:5402: gcc --version >&5
gcc (Ubuntu 4.8.4-2ubuntu1~14.04.3) 4.8.4
Copyright (C) 2013 Free Software Foundation, Inc.
This is free software; see the source for copying conditions.  There is NO
warranty; not even for MERCHANTABILITY or FITNESS FOR A PARTICULAR PURPOSE.

configure:5413: $? = 0
configure:5402: gcc -v >&5
Using built-in specs.
COLLECT_GCC=gcc
COLLECT_LTO_WRAPPER=/usr/lib/gcc/x86_64-linux-gnu/4.8/lto-wrapper
Target: x86_64-linux-gnu
Configured with: ../src/configure -v --with-pkgversion='Ubuntu 4.8.4-2ubuntu1~14.04.3' --with-bugurl=file:///usr/share/doc/gcc-4.8/README.Bugs --enable-languages=c,c++,java,go,d,fortran,objc,obj-c++ --prefix=/usr --program-suffix=-4.8 --enable-shared --enable-linker-build-id --libexecdir=/usr/lib --without-included-gettext --enable-threads=posix --with-gxx-include-dir=/usr/include/c++/4.8 --libdir=/usr/lib --enable-nls --with-sysroot=/ --enable-clocale=gnu --enable-libstdcxx-debug --enable-libstdcxx-time=yes --enable-gnu-unique-object --disable-libmudflap --enable-plugin --with-system-zlib --disable-browser-plugin --enable-java-awt=gtk --enable-gtk-cairo --with-java-home=/usr/lib/jvm/java-1.5.0-gcj-4.8-amd64/jre --enable-java-home --with-jvm-root-dir=/usr/lib/jvm/java-1.5.0-gcj-4.8-amd64 --with-jvm-jar-dir=/usr/lib/jvm-exports/java-1.5.0-gcj-4.8-amd64 --with-arch-directory=amd64 --with-ecj-jar=/usr/share/java/eclipse-ecj.jar --enable-objc-gc --enable-multiarch --disable-werror --with-arch-32=i686 --with-abi=m64 --with-multilib-list=m32,m64,mx32 --with-tune=generic --enable-checking=release --build=x86_64-linux-gnu --host=x86_64-linux-gnu --target=x86_64-linux-gnu
Thread model: posix
gcc version 4.8.4 (Ubuntu 4.8.4-2ubuntu1~14.04.3) 
configure:5413: $? = 0
configure:5402: gcc -V >&5
gcc: error: unrecognized command line option '-V'
gcc: fatal error: no input files
compilation terminated.
configure:5413: $? = 4
configure:5402: gcc -qversion >&5
gcc: error: unrecognized command line option '-qversion'
gcc: fatal error: no input files
compilation terminated.
configure:5413: $? = 4
configure:5417: checking whether we are using the GNU C compiler
configure:5445: result: yes
configure:5454: checking whether gcc accepts -g
configure:5474: gcc -c   conftest.c >&5
configure:5474: $? = 0
configure:5515: result: yes
configure:5532: checking for gcc option to accept ISO C89
configure:5608: result: none needed
configure:5633: checking whether gcc understands -c and -o together
configure:5670: result: yes
configure:5689: checking dependency style of gcc
configure:5800: result: gcc3
configure:5820: checking how to run the C preprocessor
configure:5851: gcc -E  conftest.c
configure:5851: $? = 0
configure:5865: gcc -E  conftest.c
conftest.c:11:28: fatal error: ac_nonexistent.h: No such file or directory
 #include <ac_nonexistent.h>
                            ^
compilation terminated.
configure:5865: $? = 1
configure: failed program was:
| /* confdefs.h */
| #define PACKAGE_NAME "Protocol Buffers"
| #define PACKAGE_TARNAME "protobuf"
| #define PACKAGE_VERSION "3.6.1"
| #define PACKAGE_STRING "Protocol Buffers 3.6.1"
| #define PACKAGE_BUGREPORT "protobuf@googlegroups.com"
| #define PACKAGE_URL ""
| #define PACKAGE "protobuf"
| #define VERSION "3.6.1"
| /* end confdefs.h.  */
| #include <ac_nonexistent.h>
configure:5890: result: gcc -E
configure:5910: gcc -E  conftest.c
configure:5910: $? = 0
configure:5924: gcc -E  conftest.c
conftest.c:11:28: fatal error: ac_nonexistent.h: No such file or directory
 #include <ac_nonexistent.h>
                            ^
compilation terminated.
configure:5924: $? = 1
configure: failed program was:
| /* confdefs.h */
| #define PACKAGE_NAME "Protocol Buffers"
| #define PACKAGE_TARNAME "protobuf"
| #define PACKAGE_VERSION "3.6.1"
| #define PACKAGE_STRING "Protocol Buffers 3.6.1"
| #define PACKAGE_BUGREPORT "protobuf@googlegroups.com"
| #define PACKAGE_URL ""
| #define PACKAGE "protobuf"
| #define VERSION "3.6.1"
| /* end confdefs.h.  */
| #include <ac_nonexistent.h>
configure:5966: checking how to run the C++ preprocessor
configure:5993: g++ -E  conftest.cpp
configure:5993: $? = 0
configure:6007: g++ -E  conftest.cpp
conftest.cpp:11:28: fatal error: ac_nonexistent.h: No such file or directory
 #include <ac_nonexistent.h>
                            ^
compilation terminated.
configure:6007: $? = 1
configure: failed program was:
| /* confdefs.h */
| #define PACKAGE_NAME "Protocol Buffers"
| #define PACKAGE_TARNAME "protobuf"
| #define PACKAGE_VERSION "3.6.1"
| #define PACKAGE_STRING "Protocol Buffers 3.6.1"
| #define PACKAGE_BUGREPORT "protobuf@googlegroups.com"
| #define PACKAGE_URL ""
| #define PACKAGE "protobuf"
| #define VERSION "3.6.1"
| /* end confdefs.h.  */
| #include <ac_nonexistent.h>
configure:6032: result: g++ -E
configure:6052: g++ -E  conftest.cpp
configure:6052: $? = 0
configure:6066: g++ -E  conftest.cpp
conftest.cpp:11:28: fatal error: ac_nonexistent.h: No such file or directory
 #include <ac_nonexistent.h>
                            ^
compilation terminated.
configure:6066: $? = 1
configure: failed program was:
| /* confdefs.h */
| #define PACKAGE_NAME "Protocol Buffers"
| #define PACKAGE_TARNAME "protobuf"
| #define PACKAGE_VERSION "3.6.1"
| #define PACKAGE_STRING "Protocol Buffers 3.6.1"
| #define PACKAGE_BUGREPORT "protobuf@googlegroups.com"
| #define PACKAGE_URL ""
| #define PACKAGE "protobuf"
| #define VERSION "3.6.1"
| /* end confdefs.h.  */
| #include <ac_nonexistent.h>
configure:6159: checking for g++
configure:6175: found /usr/bin/g++
configure:6186: result: g++
configure:6213: checking for C++ compiler version
configure:6222: g++ --version >&5
g++ (Ubuntu 4.8.4-2ubuntu1~14.04.3) 4.8.4
Copyright (C) 2013 Free Software Foundation, Inc.
This is free software; see the source for copying conditions.  There is NO
warranty; not even for MERCHANTABILITY or FITNESS FOR A PARTICULAR PURPOSE.

configure:6233: $? = 0
configure:6222: g++ -v >&5
Using built-in specs.
COLLECT_GCC=g++
COLLECT_LTO_WRAPPER=/usr/lib/gcc/x86_64-linux-gnu/4.8/lto-wrapper
Target: x86_64-linux-gnu
Configured with: ../src/configure -v --with-pkgversion='Ubuntu 4.8.4-2ubuntu1~14.04.3' --with-bugurl=file:///usr/share/doc/gcc-4.8/README.Bugs --enable-languages=c,c++,java,go,d,fortran,objc,obj-c++ --prefix=/usr --program-suffix=-4.8 --enable-shared --enable-linker-build-id --libexecdir=/usr/lib --without-included-gettext --enable-threads=posix --with-gxx-include-dir=/usr/include/c++/4.8 --libdir=/usr/lib --enable-nls --with-sysroot=/ --enable-clocale=gnu --enable-libstdcxx-debug --enable-libstdcxx-time=yes --enable-gnu-unique-object --disable-libmudflap --enable-plugin --with-system-zlib --disable-browser-plugin --enable-java-awt=gtk --enable-gtk-cairo --with-java-home=/usr/lib/jvm/java-1.5.0-gcj-4.8-amd64/jre --enable-java-home --with-jvm-root-dir=/usr/lib/jvm/java-1.5.0-gcj-4.8-amd64 --with-jvm-jar-dir=/usr/lib/jvm-exports/java-1.5.0-gcj-4.8-amd64 --with-arch-directory=amd64 --with-ecj-jar=/usr/share/java/eclipse-ecj.jar --enable-objc-gc --enable-multiarch --disable-werror --with-arch-32=i686 --with-abi=m64 --with-multilib-list=m32,m64,mx32 --with-tune=generic --enable-checking=release --build=x86_64-linux-gnu --host=x86_64-linux-gnu --target=x86_64-linux-gnu
Thread model: posix
gcc version 4.8.4 (Ubuntu 4.8.4-2ubuntu1~14.04.3) 
configure:6233: $? = 0
configure:6222: g++ -V >&5
g++: error: unrecognized command line option '-V'
g++: fatal error: no input files
compilation terminated.
configure:6233: $? = 4
configure:6222: g++ -qversion >&5
g++: error: unrecognized command line option '-qversion'
g++: fatal error: no input files
compilation terminated.
configure:6233: $? = 4
configure:6237: checking whether we are using the GNU C++ compiler
configure:6265: result: yes
configure:6274: checking whether g++ accepts -g
configure:6294: gcc -c   conftest.cpp >&5
configure:6294: $? = 0
configure:6335: result: yes
configure:6360: checking dependency style of g++
configure:6471: result: gcc3
configure:6491: checking how to run the C++ preprocessor
configure:6518: g++ -E  conftest.cpp
configure:6518: $? = 0
configure:6532: g++ -E  conftest.cpp
conftest.cpp:11:28: fatal error: ac_nonexistent.h: No such file or directory
 #include <ac_nonexistent.h>
                            ^
compilation terminated.
configure:6532: $? = 1
configure: failed program was:
| /* confdefs.h */
| #define PACKAGE_NAME "Protocol Buffers"
| #define PACKAGE_TARNAME "protobuf"
| #define PACKAGE_VERSION "3.6.1"
| #define PACKAGE_STRING "Protocol Buffers 3.6.1"
| #define PACKAGE_BUGREPORT "protobuf@googlegroups.com"
| #define PACKAGE_URL ""
| #define PACKAGE "protobuf"
| #define VERSION "3.6.1"
| /* end confdefs.h.  */
| #include <ac_nonexistent.h>
configure:6557: result: g++ -E
configure:6577: g++ -E  conftest.cpp
configure:6577: $? = 0
configure:6591: g++ -E  conftest.cpp
conftest.cpp:11:28: fatal error: ac_nonexistent.h: No such file or directory
 #include <ac_nonexistent.h>
                            ^
compilation terminated.
configure:6591: $? = 1
configure: failed program was:
| /* confdefs.h */
| #define PACKAGE_NAME "Protocol Buffers"
| #define PACKAGE_TARNAME "protobuf"
| #define PACKAGE_VERSION "3.6.1"
| #define PACKAGE_STRING "Protocol Buffers 3.6.1"
| #define PACKAGE_BUGREPORT "protobuf@googlegroups.com"
| #define PACKAGE_URL ""
| #define PACKAGE "protobuf"
| #define VERSION "3.6.1"
| /* end confdefs.h.  */
| #include <ac_nonexistent.h>
configure:6633: checking for grep that handles long lines and -e
configure:6691: result: /bin/grep
configure:6696: checking for egrep
configure:6758: result: /bin/grep -E
configure:6763: checking for ANSI C header files
configure:6783: g++ -c -fPIC  conftest.cpp >&5
configure:6783: $? = 0
configure:6856: g++ -o conftest -fPIC   conftest.cpp  >&5
configure:6856: $? = 0
configure:6856: ./conftest
configure:6856: $? = 0
configure:6867: result: yes
configure:6880: checking for sys/types.h
configure:6880: g++ -c -fPIC  conftest.cpp >&5
configure:6880: $? = 0
configure:6880: result: yes
configure:6880: checking for sys/stat.h
configure:6880: g++ -c -fPIC  conftest.cpp >&5
configure:6880: $? = 0
configure:6880: result: yes
configure:6880: checking for stdlib.h
configure:6880: g++ -c -fPIC  conftest.cpp >&5
configure:6880: $? = 0
configure:6880: result: yes
configure:6880: checking for string.h
configure:6880: g++ -c -fPIC  conftest.cpp >&5
configure:6880: $? = 0
configure:6880: result: yes
configure:6880: checking for memory.h
configure:6880: g++ -c -fPIC  conftest.cpp >&5
configure:6880: $? = 0
configure:6880: result: yes
configure:6880: checking for strings.h
configure:6880: g++ -c -fPIC  conftest.cpp >&5
configure:6880: $? = 0
configure:6880: result: yes
configure:6880: checking for inttypes.h
configure:6880: g++ -c -fPIC  conftest.cpp >&5
configure:6880: $? = 0
configure:6880: result: yes
configure:6880: checking for stdint.h
configure:6880: g++ -c -fPIC  conftest.cpp >&5
configure:6880: $? = 0
configure:6880: result: yes
configure:6880: checking for unistd.h
configure:6880: g++ -c -fPIC  conftest.cpp >&5
configure:6880: $? = 0
configure:6880: result: yes
configure:6893: checking minix/config.h usability
configure:6893: g++ -c -fPIC  conftest.cpp >&5
conftest.cpp:54:26: fatal error: minix/config.h: No such file or directory
 #include <minix/config.h>
                          ^
compilation terminated.
configure:6893: $? = 1
configure: failed program was:
| /* confdefs.h */
| #define PACKAGE_NAME "Protocol Buffers"
| #define PACKAGE_TARNAME "protobuf"
| #define PACKAGE_VERSION "3.6.1"
| #define PACKAGE_STRING "Protocol Buffers 3.6.1"
| #define PACKAGE_BUGREPORT "protobuf@googlegroups.com"
| #define PACKAGE_URL ""
| #define PACKAGE "protobuf"
| #define VERSION "3.6.1"
| #define STDC_HEADERS 1
| #define HAVE_SYS_TYPES_H 1
| #define HAVE_SYS_STAT_H 1
| #define HAVE_STDLIB_H 1
| #define HAVE_STRING_H 1
| #define HAVE_MEMORY_H 1
| #define HAVE_STRINGS_H 1
| #define HAVE_INTTYPES_H 1
| #define HAVE_STDINT_H 1
| #define HAVE_UNISTD_H 1
| /* end confdefs.h.  */
| #include <stdio.h>
| #ifdef HAVE_SYS_TYPES_H
| # include <sys/types.h>
| #endif
| #ifdef HAVE_SYS_STAT_H
| # include <sys/stat.h>
| #endif
| #ifdef STDC_HEADERS
| # include <stdlib.h>
| # include <stddef.h>
| #else
| # ifdef HAVE_STDLIB_H
| #  include <stdlib.h>
| # endif
| #endif
| #ifdef HAVE_STRING_H
| # if !defined STDC_HEADERS && defined HAVE_MEMORY_H
| #  include <memory.h>
| # endif
| # include <string.h>
| #endif
| #ifdef HAVE_STRINGS_H
| # include <strings.h>
| #endif
| #ifdef HAVE_INTTYPES_H
| # include <inttypes.h>
| #endif
| #ifdef HAVE_STDINT_H
| # include <stdint.h>
| #endif
| #ifdef HAVE_UNISTD_H
| # include <unistd.h>
| #endif
| #include <minix/config.h>
configure:6893: result: no
configure:6893: checking minix/config.h presence
configure:6893: g++ -E  conftest.cpp
conftest.cpp:21:26: fatal error: minix/config.h: No such file or directory
 #include <minix/config.h>
                          ^
compilation terminated.
configure:6893: $? = 1
configure: failed program was:
| /* confdefs.h */
| #define PACKAGE_NAME "Protocol Buffers"
| #define PACKAGE_TARNAME "protobuf"
| #define PACKAGE_VERSION "3.6.1"
| #define PACKAGE_STRING "Protocol Buffers 3.6.1"
| #define PACKAGE_BUGREPORT "protobuf@googlegroups.com"
| #define PACKAGE_URL ""
| #define PACKAGE "protobuf"
| #define VERSION "3.6.1"
| #define STDC_HEADERS 1
| #define HAVE_SYS_TYPES_H 1
| #define HAVE_SYS_STAT_H 1
| #define HAVE_STDLIB_H 1
| #define HAVE_STRING_H 1
| #define HAVE_MEMORY_H 1
| #define HAVE_STRINGS_H 1
| #define HAVE_INTTYPES_H 1
| #define HAVE_STDINT_H 1
| #define HAVE_UNISTD_H 1
| /* end confdefs.h.  */
| #include <minix/config.h>
configure:6893: result: no
configure:6893: checking for minix/config.h
configure:6893: result: no
configure:6914: checking whether it is safe to define __EXTENSIONS__
configure:6932: g++ -c -fPIC  conftest.cpp >&5
configure:6932: $? = 0
configure:6939: result: yes
configure:7008: checking for ar
configure:7024: found /usr/bin/ar
configure:7035: result: ar
configure:7061: checking the archiver (ar) interface
configure:7077: gcc -c   conftest.c >&5
configure:7077: $? = 0
configure:7079: ar cru libconftest.a conftest.o >&5
configure:7082: $? = 0
configure:7110: result: ar
configure:7192: checking for gcc
configure:7208: found /usr/bin/gcc
configure:7219: result: gcc
configure:7244: checking for Objective C compiler version
configure:7253: gcc --version >&5
gcc (Ubuntu 4.8.4-2ubuntu1~14.04.3) 4.8.4
Copyright (C) 2013 Free Software Foundation, Inc.
This is free software; see the source for copying conditions.  There is NO
warranty; not even for MERCHANTABILITY or FITNESS FOR A PARTICULAR PURPOSE.

configure:7264: $? = 0
configure:7253: gcc -v >&5
Using built-in specs.
COLLECT_GCC=gcc
COLLECT_LTO_WRAPPER=/usr/lib/gcc/x86_64-linux-gnu/4.8/lto-wrapper
Target: x86_64-linux-gnu
Configured with: ../src/configure -v --with-pkgversion='Ubuntu 4.8.4-2ubuntu1~14.04.3' --with-bugurl=file:///usr/share/doc/gcc-4.8/README.Bugs --enable-languages=c,c++,java,go,d,fortran,objc,obj-c++ --prefix=/usr --program-suffix=-4.8 --enable-shared --enable-linker-build-id --libexecdir=/usr/lib --without-included-gettext --enable-threads=posix --with-gxx-include-dir=/usr/include/c++/4.8 --libdir=/usr/lib --enable-nls --with-sysroot=/ --enable-clocale=gnu --enable-libstdcxx-debug --enable-libstdcxx-time=yes --enable-gnu-unique-object --disable-libmudflap --enable-plugin --with-system-zlib --disable-browser-plugin --enable-java-awt=gtk --enable-gtk-cairo --with-java-home=/usr/lib/jvm/java-1.5.0-gcj-4.8-amd64/jre --enable-java-home --with-jvm-root-dir=/usr/lib/jvm/java-1.5.0-gcj-4.8-amd64 --with-jvm-jar-dir=/usr/lib/jvm-exports/java-1.5.0-gcj-4.8-amd64 --with-arch-directory=amd64 --with-ecj-jar=/usr/share/java/eclipse-ecj.jar --enable-objc-gc --enable-multiarch --disable-werror --with-arch-32=i686 --with-abi=m64 --with-multilib-list=m32,m64,mx32 --with-tune=generic --enable-checking=release --build=x86_64-linux-gnu --host=x86_64-linux-gnu --target=x86_64-linux-gnu
Thread model: posix
gcc version 4.8.4 (Ubuntu 4.8.4-2ubuntu1~14.04.3) 
configure:7264: $? = 0
configure:7253: gcc -V >&5
gcc: error: unrecognized command line option '-V'
gcc: fatal error: no input files
compilation terminated.
configure:7264: $? = 4
configure:7253: gcc -qversion >&5
gcc: error: unrecognized command line option '-qversion'
gcc: fatal error: no input files
compilation terminated.
configure:7264: $? = 4
configure:7268: checking whether we are using the GNU Objective C compiler
configure:7287: gcc -c   conftest.m >&5
gcc: error trying to exec 'cc1obj': execvp: No such file or directory
configure:7287: $? = 1
configure: failed program was:
| /* confdefs.h */
| #define PACKAGE_NAME "Protocol Buffers"
| #define PACKAGE_TARNAME "protobuf"
| #define PACKAGE_VERSION "3.6.1"
| #define PACKAGE_STRING "Protocol Buffers 3.6.1"
| #define PACKAGE_BUGREPORT "protobuf@googlegroups.com"
| #define PACKAGE_URL ""
| #define PACKAGE "protobuf"
| #define VERSION "3.6.1"
| #define STDC_HEADERS 1
| #define HAVE_SYS_TYPES_H 1
| #define HAVE_SYS_STAT_H 1
| #define HAVE_STDLIB_H 1
| #define HAVE_STRING_H 1
| #define HAVE_MEMORY_H 1
| #define HAVE_STRINGS_H 1
| #define HAVE_INTTYPES_H 1
| #define HAVE_STDINT_H 1
| #define HAVE_UNISTD_H 1
| #define __EXTENSIONS__ 1
| #define _ALL_SOURCE 1
| #define _GNU_SOURCE 1
| #define _POSIX_PTHREAD_SEMANTICS 1
| #define _TANDEM_SOURCE 1
| /* end confdefs.h.  */
| 
| int
| main ()
| {
| #ifndef __GNUC__
|        choke me
| #endif
| 
|   ;
|   return 0;
| }
configure:7296: result: no
configure:7305: checking whether gcc accepts -g
configure:7325: gcc -c -g  conftest.m >&5
gcc: error trying to exec 'cc1obj': execvp: No such file or directory
configure:7325: $? = 1
configure: failed program was:
| /* confdefs.h */
| #define PACKAGE_NAME "Protocol Buffers"
| #define PACKAGE_TARNAME "protobuf"
| #define PACKAGE_VERSION "3.6.1"
| #define PACKAGE_STRING "Protocol Buffers 3.6.1"
| #define PACKAGE_BUGREPORT "protobuf@googlegroups.com"
| #define PACKAGE_URL ""
| #define PACKAGE "protobuf"
| #define VERSION "3.6.1"
| #define STDC_HEADERS 1
| #define HAVE_SYS_TYPES_H 1
| #define HAVE_SYS_STAT_H 1
| #define HAVE_STDLIB_H 1
| #define HAVE_STRING_H 1
| #define HAVE_MEMORY_H 1
| #define HAVE_STRINGS_H 1
| #define HAVE_INTTYPES_H 1
| #define HAVE_STDINT_H 1
| #define HAVE_UNISTD_H 1
| #define __EXTENSIONS__ 1
| #define _ALL_SOURCE 1
| #define _GNU_SOURCE 1
| #define _POSIX_PTHREAD_SEMANTICS 1
| #define _TANDEM_SOURCE 1
| /* end confdefs.h.  */
| 
| int
| main ()
| {
| 
|   ;
|   return 0;
| }
configure:7340: gcc -c   conftest.m >&5
gcc: error trying to exec 'cc1obj': execvp: No such file or directory
configure:7340: $? = 1
configure: failed program was:
| /* confdefs.h */
| #define PACKAGE_NAME "Protocol Buffers"
| #define PACKAGE_TARNAME "protobuf"
| #define PACKAGE_VERSION "3.6.1"
| #define PACKAGE_STRING "Protocol Buffers 3.6.1"
| #define PACKAGE_BUGREPORT "protobuf@googlegroups.com"
| #define PACKAGE_URL ""
| #define PACKAGE "protobuf"
| #define VERSION "3.6.1"
| #define STDC_HEADERS 1
| #define HAVE_SYS_TYPES_H 1
| #define HAVE_SYS_STAT_H 1
| #define HAVE_STDLIB_H 1
| #define HAVE_STRING_H 1
| #define HAVE_MEMORY_H 1
| #define HAVE_STRINGS_H 1
| #define HAVE_INTTYPES_H 1
| #define HAVE_STDINT_H 1
| #define HAVE_UNISTD_H 1
| #define __EXTENSIONS__ 1
| #define _ALL_SOURCE 1
| #define _GNU_SOURCE 1
| #define _POSIX_PTHREAD_SEMANTICS 1
| #define _TANDEM_SOURCE 1
| /* end confdefs.h.  */
| 
| int
| main ()
| {
| 
|   ;
|   return 0;
| }
configure:7356: gcc -c -g  conftest.m >&5
gcc: error trying to exec 'cc1obj': execvp: No such file or directory
configure:7356: $? = 1
configure: failed program was:
| /* confdefs.h */
| #define PACKAGE_NAME "Protocol Buffers"
| #define PACKAGE_TARNAME "protobuf"
| #define PACKAGE_VERSION "3.6.1"
| #define PACKAGE_STRING "Protocol Buffers 3.6.1"
| #define PACKAGE_BUGREPORT "protobuf@googlegroups.com"
| #define PACKAGE_URL ""
| #define PACKAGE "protobuf"
| #define VERSION "3.6.1"
| #define STDC_HEADERS 1
| #define HAVE_SYS_TYPES_H 1
| #define HAVE_SYS_STAT_H 1
| #define HAVE_STDLIB_H 1
| #define HAVE_STRING_H 1
| #define HAVE_MEMORY_H 1
| #define HAVE_STRINGS_H 1
| #define HAVE_INTTYPES_H 1
| #define HAVE_STDINT_H 1
| #define HAVE_UNISTD_H 1
| #define __EXTENSIONS__ 1
| #define _ALL_SOURCE 1
| #define _GNU_SOURCE 1
| #define _POSIX_PTHREAD_SEMANTICS 1
| #define _TANDEM_SOURCE 1
| /* end confdefs.h.  */
| 
| int
| main ()
| {
| 
|   ;
|   return 0;
| }
configure:7366: result: no
configure:7391: checking dependency style of gcc
configure:7500: result: gcc3
configure:7517: checking C++ compiler flags...
configure:7538: result: use user-supplied: -fPIC
configure:7553: checking whether __SUNPRO_CC is declared
configure:7553: g++ -c -fPIC  conftest.cpp >&5
conftest.cpp: In function 'int main()':
conftest.cpp:64:10: error: '__SUNPRO_CC' was not declared in this scope
   (void) __SUNPRO_CC;
          ^
configure:7553: $? = 1
configure: failed program was:
| /* confdefs.h */
| #define PACKAGE_NAME "Protocol Buffers"
| #define PACKAGE_TARNAME "protobuf"
| #define PACKAGE_VERSION "3.6.1"
| #define PACKAGE_STRING "Protocol Buffers 3.6.1"
| #define PACKAGE_BUGREPORT "protobuf@googlegroups.com"
| #define PACKAGE_URL ""
| #define PACKAGE "protobuf"
| #define VERSION "3.6.1"
| #define STDC_HEADERS 1
| #define HAVE_SYS_TYPES_H 1
| #define HAVE_SYS_STAT_H 1
| #define HAVE_STDLIB_H 1
| #define HAVE_STRING_H 1
| #define HAVE_MEMORY_H 1
| #define HAVE_STRINGS_H 1
| #define HAVE_INTTYPES_H 1
| #define HAVE_STDINT_H 1
| #define HAVE_UNISTD_H 1
| #define __EXTENSIONS__ 1
| #define _ALL_SOURCE 1
| #define _GNU_SOURCE 1
| #define _POSIX_PTHREAD_SEMANTICS 1
| #define _TANDEM_SOURCE 1
| /* end confdefs.h.  */
| #include <stdio.h>
| #ifdef HAVE_SYS_TYPES_H
| # include <sys/types.h>
| #endif
| #ifdef HAVE_SYS_STAT_H
| # include <sys/stat.h>
| #endif
| #ifdef STDC_HEADERS
| # include <stdlib.h>
| # include <stddef.h>
| #else
| # ifdef HAVE_STDLIB_H
| #  include <stdlib.h>
| # endif
| #endif
| #ifdef HAVE_STRING_H
| # if !defined STDC_HEADERS && defined HAVE_MEMORY_H
| #  include <memory.h>
| # endif
| # include <string.h>
| #endif
| #ifdef HAVE_STRINGS_H
| # include <strings.h>
| #endif
| #ifdef HAVE_INTTYPES_H
| # include <inttypes.h>
| #endif
| #ifdef HAVE_STDINT_H
| # include <stdint.h>
| #endif
| #ifdef HAVE_UNISTD_H
| # include <unistd.h>
| #endif
| int
| main ()
| {
| #ifndef __SUNPRO_CC
| #ifdef __cplusplus
|   (void) __SUNPRO_CC;
| #else
|   (void) __SUNPRO_CC;
| #endif
| #endif
| 
|   ;
|   return 0;
| }
configure:7553: result: no
configure:7722: checking how to print strings
configure:7749: result: printf
configure:7770: checking for a sed that does not truncate output
configure:7834: result: /bin/sed
configure:7852: checking for fgrep
configure:7914: result: /bin/grep -F
configure:7949: checking for ld used by gcc
configure:8016: result: /usr/bin/ld
configure:8023: checking if the linker (/usr/bin/ld) is GNU ld
configure:8038: result: yes
configure:8050: checking for BSD- or MS-compatible name lister (nm)
configure:8099: result: /usr/bin/nm -B
configure:8229: checking the name lister (/usr/bin/nm -B) interface
configure:8236: g++ -c -fPIC  conftest.cpp >&5
configure:8239: /usr/bin/nm -B "conftest.o"
configure:8242: output
0000000000000000 B some_variable
configure:8249: result: BSD nm
configure:8252: checking whether ln -s works
configure:8256: result: yes
configure:8264: checking the maximum length of command line arguments
configure:8395: result: 1572864
configure:8412: checking whether the shell understands some XSI constructs
configure:8422: result: yes
configure:8426: checking whether the shell understands "+="
configure:8432: result: yes
configure:8467: checking how to convert x86_64-unknown-linux-gnu file names to x86_64-unknown-linux-gnu format
configure:8507: result: func_convert_file_noop
configure:8514: checking how to convert x86_64-unknown-linux-gnu file names to toolchain format
configure:8534: result: func_convert_file_noop
configure:8541: checking for /usr/bin/ld option to reload object files
configure:8548: result: -r
configure:8622: checking for objdump
configure:8638: found /usr/bin/objdump
configure:8649: result: objdump
configure:8681: checking how to recognize dependent libraries
configure:8879: result: pass_all
configure:8964: checking for dlltool
configure:8994: result: no
configure:9024: checking how to associate runtime and link libraries
configure:9051: result: printf %s\n
configure:9175: checking for archiver @FILE support
configure:9192: g++ -c -fPIC  conftest.cpp >&5
configure:9192: $? = 0
configure:9195: ar cru libconftest.a @conftest.lst >&5
configure:9198: $? = 0
configure:9203: ar cru libconftest.a @conftest.lst >&5
ar: conftest.o: No such file or directory
configure:9206: $? = 1
configure:9218: result: @
configure:9276: checking for strip
configure:9292: found /usr/bin/strip
configure:9303: result: strip
configure:9375: checking for ranlib
configure:9391: found /usr/bin/ranlib
configure:9402: result: ranlib
configure:9504: checking command to parse /usr/bin/nm -B output from gcc object
configure:9624: g++ -c -fPIC  conftest.cpp >&5
configure:9627: $? = 0
configure:9631: /usr/bin/nm -B conftest.o \| sed -n -e 's/^.*[ ]\([ABCDGIRSTW][ABCDGIRSTW]*\)[ ][ ]*\([_A-Za-z][_A-Za-z0-9]*\)$/\1 \2 \2/p' | sed '/ __gnu_lto/d' \> conftest.nm
configure:9634: $? = 0
configure:9700: g++ -o conftest -fPIC   conftest.cpp conftstm.o >&5
configure:9703: $? = 0
configure:9741: result: ok
configure:9778: checking for sysroot
configure:9808: result: no
configure:9885: g++ -c -fPIC  conftest.cpp >&5
configure:9888: $? = 0
configure:10077: checking for mt
configure:10093: found /bin/mt
configure:10104: result: mt
configure:10127: checking if mt is a manifest tool
configure:10133: mt '-?'
configure:10141: result: no
configure:10780: checking for dlfcn.h
configure:10780: g++ -c -fPIC  conftest.cpp >&5
configure:10780: $? = 0
configure:10780: result: yes
configure:10996: checking for objdir
configure:11011: result: .libs
configure:11282: checking if gcc supports -fno-rtti -fno-exceptions
configure:11300: gcc -c   -fno-rtti -fno-exceptions conftest.c >&5
cc1: warning: command line option '-fno-rtti' is valid for C++/ObjC++ but not for C [enabled by default]
configure:11304: $? = 0
configure:11317: result: no
configure:11644: checking for gcc option to produce PIC
configure:11651: result: -fPIC -DPIC
configure:11659: checking if gcc PIC flag -fPIC -DPIC works
configure:11677: gcc -c   -fPIC -DPIC -DPIC conftest.c >&5
configure:11681: $? = 0
configure:11694: result: yes
configure:11723: checking if gcc static flag -static works
configure:11751: result: yes
configure:11766: checking if gcc supports -c -o file.o
configure:11787: gcc -c   -o out/conftest2.o conftest.c >&5
configure:11791: $? = 0
configure:11813: result: yes
configure:11821: checking if gcc supports -c -o file.o
configure:11868: result: yes
configure:11901: checking whether the gcc linker (/usr/bin/ld -m elf_x86_64) supports shared libraries
configure:13058: result: yes
configure:13095: checking whether -lc should be explicitly linked in
configure:13103: gcc -c   conftest.c >&5
configure:13106: $? = 0
configure:13121: gcc -shared  -fPIC -DPIC conftest.o  -v -Wl,-soname -Wl,conftest -o conftest 2\>\&1 \| /bin/grep  -lc  \>/dev/null 2\>\&1
configure:13124: $? = 0
configure:13138: result: no
configure:13298: checking dynamic linker characteristics
configure:13798: gcc -o conftest    -Wl,-rpath -Wl,/foo conftest.c  >&5
configure:13798: $? = 0
configure:14032: result: GNU/Linux ld.so
configure:14139: checking how to hardcode library paths into programs
configure:14164: result: immediate
configure:14704: checking whether stripping libraries is possible
configure:14709: result: yes
configure:14744: checking if libtool supports shared libraries
configure:14746: result: yes
configure:14749: checking whether to build shared libraries
configure:14770: result: yes
configure:14773: checking whether to build static libraries
configure:14777: result: yes
configure:14800: checking how to run the C++ preprocessor
configure:14866: result: g++ -E
configure:14886: g++ -E  conftest.cpp
configure:14886: $? = 0
configure:14900: g++ -E  conftest.cpp
conftest.cpp:28:28: fatal error: ac_nonexistent.h: No such file or directory
 #include <ac_nonexistent.h>
                            ^
compilation terminated.
configure:14900: $? = 1
configure: failed program was:
| /* confdefs.h */
| #define PACKAGE_NAME "Protocol Buffers"
| #define PACKAGE_TARNAME "protobuf"
| #define PACKAGE_VERSION "3.6.1"
| #define PACKAGE_STRING "Protocol Buffers 3.6.1"
| #define PACKAGE_BUGREPORT "protobuf@googlegroups.com"
| #define PACKAGE_URL ""
| #define PACKAGE "protobuf"
| #define VERSION "3.6.1"
| #define STDC_HEADERS 1
| #define HAVE_SYS_TYPES_H 1
| #define HAVE_SYS_STAT_H 1
| #define HAVE_STDLIB_H 1
| #define HAVE_STRING_H 1
| #define HAVE_MEMORY_H 1
| #define HAVE_STRINGS_H 1
| #define HAVE_INTTYPES_H 1
| #define HAVE_STDINT_H 1
| #define HAVE_UNISTD_H 1
| #define __EXTENSIONS__ 1
| #define _ALL_SOURCE 1
| #define _GNU_SOURCE 1
| #define _POSIX_PTHREAD_SEMANTICS 1
| #define _TANDEM_SOURCE 1
| #define HAVE_DLFCN_H 1
| #define LT_OBJDIR ".libs/"
| /* end confdefs.h.  */
| #include <ac_nonexistent.h>
configure:15069: checking for ld used by g++
configure:15136: result: /usr/bin/ld -m elf_x86_64
configure:15143: checking if the linker (/usr/bin/ld -m elf_x86_64) is GNU ld
configure:15158: result: yes
configure:15213: checking whether the g++ linker (/usr/bin/ld -m elf_x86_64) supports shared libraries
configure:16215: result: yes
configure:16251: g++ -c -fPIC  conftest.cpp >&5
configure:16254: $? = 0
configure:16774: checking for g++ option to produce PIC
configure:16781: result: -fPIC -DPIC
configure:16789: checking if g++ PIC flag -fPIC -DPIC works
configure:16807: g++ -c -fPIC  -fPIC -DPIC -DPIC conftest.cpp >&5
configure:16811: $? = 0
configure:16824: result: yes
configure:16847: checking if g++ static flag -static works
configure:16875: result: yes
configure:16887: checking if g++ supports -c -o file.o
configure:16908: g++ -c -fPIC  -o out/conftest2.o conftest.cpp >&5
configure:16912: $? = 0
configure:16934: result: yes
configure:16939: checking if g++ supports -c -o file.o
configure:16986: result: yes
configure:17016: checking whether the g++ linker (/usr/bin/ld -m elf_x86_64) supports shared libraries
configure:17055: result: yes
configure:17196: checking dynamic linker characteristics
configure:17864: result: GNU/Linux ld.so
configure:17917: checking how to hardcode library paths into programs
configure:17942: result: immediate
configure:18005: checking whether the linker supports version scripts
configure:18021: g++ -o conftest -fPIC   -Wl,--version-script=conftest.map conftest.cpp  >&5
configure:18021: $? = 0
configure:18022: result: yes
configure:18041: checking for ANSI C header files
configure:18145: result: yes
configure:18156: checking fcntl.h usability
configure:18156: g++ -c -fPIC  conftest.cpp >&5
configure:18156: $? = 0
configure:18156: result: yes
configure:18156: checking fcntl.h presence
configure:18156: g++ -E  conftest.cpp
configure:18156: $? = 0
configure:18156: result: yes
configure:18156: checking for fcntl.h
configure:18156: result: yes
configure:18156: checking for inttypes.h
configure:18156: result: yes
configure:18156: checking limits.h usability
configure:18156: g++ -c -fPIC  conftest.cpp >&5
configure:18156: $? = 0
configure:18156: result: yes
configure:18156: checking limits.h presence
configure:18156: g++ -E  conftest.cpp
configure:18156: $? = 0
configure:18156: result: yes
configure:18156: checking for limits.h
configure:18156: result: yes
configure:18156: checking for stdlib.h
configure:18156: result: yes
configure:18156: checking for unistd.h
configure:18156: result: yes
configure:18168: checking for working memcmp
configure:18211: g++ -o conftest -fPIC   conftest.cpp  >&5
configure:18211: $? = 0
configure:18211: ./conftest
configure:18211: $? = 0
configure:18221: result: yes
configure:18230: checking for working strtod
configure:18271: g++ -o conftest -fPIC   conftest.cpp  >&5
conftest.cpp: In function 'int main()':
conftest.cpp:76:20: warning: deprecated conversion from string constant to 'char*' [-Wwrite-strings]
     char *string = " +69";
                    ^
conftest.cpp:87:20: warning: deprecated conversion from string constant to 'char*' [-Wwrite-strings]
     char *string = "NaN";
                    ^
configure:18271: $? = 0
configure:18271: ./conftest
configure:18271: $? = 0
configure:18281: result: yes
configure:18346: checking for ftruncate
configure:18346: g++ -o conftest -fPIC   conftest.cpp  >&5
configure:18346: $? = 0
configure:18346: result: yes
configure:18346: checking for memset
configure:18346: g++ -o conftest -fPIC   conftest.cpp  >&5
configure:18346: $? = 0
configure:18346: result: yes
configure:18346: checking for mkdir
configure:18346: g++ -o conftest -fPIC   conftest.cpp  >&5
configure:18346: $? = 0
configure:18346: result: yes
configure:18346: checking for strchr
configure:18346: g++ -o conftest -fPIC   conftest.cpp  >&5
configure:18346: $? = 0
configure:18346: result: yes
configure:18346: checking for strerror
configure:18346: g++ -o conftest -fPIC   conftest.cpp  >&5
configure:18346: $? = 0
configure:18346: result: yes
configure:18346: checking for strtol
configure:18346: g++ -o conftest -fPIC   conftest.cpp  >&5
configure:18346: $? = 0
configure:18346: result: yes
configure:18360: checking zlib version
configure:18380: g++ -c -fPIC  conftest.cpp >&5
configure:18380: $? = 0
configure:18382: result: ok (1.2.0.4 or later)
configure:18386: checking for library containing zlibVersion
configure:18417: g++ -o conftest -fPIC   conftest.cpp  >&5
/tmp/ccDYexBE.o: In function `main':
conftest.cpp:(.text+0x5): undefined reference to `zlibVersion'
collect2: error: ld returned 1 exit status
configure:18417: $? = 1
configure: failed program was:
| /* confdefs.h */
| #define PACKAGE_NAME "Protocol Buffers"
| #define PACKAGE_TARNAME "protobuf"
| #define PACKAGE_VERSION "3.6.1"
| #define PACKAGE_STRING "Protocol Buffers 3.6.1"
| #define PACKAGE_BUGREPORT "protobuf@googlegroups.com"
| #define PACKAGE_URL ""
| #define PACKAGE "protobuf"
| #define VERSION "3.6.1"
| #define STDC_HEADERS 1
| #define HAVE_SYS_TYPES_H 1
| #define HAVE_SYS_STAT_H 1
| #define HAVE_STDLIB_H 1
| #define HAVE_STRING_H 1
| #define HAVE_MEMORY_H 1
| #define HAVE_STRINGS_H 1
| #define HAVE_INTTYPES_H 1
| #define HAVE_STDINT_H 1
| #define HAVE_UNISTD_H 1
| #define __EXTENSIONS__ 1
| #define _ALL_SOURCE 1
| #define _GNU_SOURCE 1
| #define _POSIX_PTHREAD_SEMANTICS 1
| #define _TANDEM_SOURCE 1
| #define HAVE_DLFCN_H 1
| #define LT_OBJDIR ".libs/"
| #define STDC_HEADERS 1
| #define HAVE_FCNTL_H 1
| #define HAVE_INTTYPES_H 1
| #define HAVE_LIMITS_H 1
| #define HAVE_STDLIB_H 1
| #define HAVE_UNISTD_H 1
| #define HAVE_FTRUNCATE 1
| #define HAVE_MEMSET 1
| #define HAVE_MKDIR 1
| #define HAVE_STRCHR 1
| #define HAVE_STRERROR 1
| #define HAVE_STRTOL 1
| /* end confdefs.h.  */
| 
| /* Override any GCC internal prototype to avoid an error.
|    Use char because int might match the return type of a GCC
|    builtin and then its argument prototype would still apply.  */
| #ifdef __cplusplus
| extern "C"
| #endif
| char zlibVersion ();
| int
| main ()
| {
| return zlibVersion ();
|   ;
|   return 0;
| }
configure:18417: g++ -o conftest -fPIC   conftest.cpp -lz   >&5
configure:18417: $? = 0
configure:18434: result: -lz
configure:18488: checking whether -latomic is needed
configure:18501: g++ -o conftest -fPIC   conftest.cpp -lz  >&5
In file included from /usr/include/c++/4.8/atomic:38:0,
                 from conftest.cpp:42:
/usr/include/c++/4.8/bits/c++0x_warning.h:32:2: error: #error This file requires compiler and library support for the ISO C++ 2011 standard. This support is currently experimental, and must be enabled with the -std=c++11 or -std=gnu++11 compiler options.
 #error This file requires compiler and library support for the \
  ^
In file included from /usr/include/c++/4.8/atomic:41:0,
                 from conftest.cpp:42:
/usr/include/c++/4.8/bits/atomic_base.h:70:3: error: 'constexpr' does not name a type
   constexpr memory_order
   ^
/usr/include/c++/4.8/bits/atomic_base.h:70:3: note: C++11 'constexpr' only available with -std=c++11 or -std=gnu++11
/usr/include/c++/4.8/bits/atomic_base.h:76:3: error: 'constexpr' does not name a type
   constexpr memory_order
   ^
/usr/include/c++/4.8/bits/atomic_base.h:76:3: note: C++11 'constexpr' only available with -std=c++11 or -std=gnu++11
/usr/include/c++/4.8/bits/atomic_base.h:83:3: error: 'constexpr' does not name a type
   constexpr memory_order
   ^
/usr/include/c++/4.8/bits/atomic_base.h:83:3: note: C++11 'constexpr' only available with -std=c++11 or -std=gnu++11
/usr/include/c++/4.8/bits/atomic_base.h:90:3: error: 'constexpr' does not name a type
   constexpr memory_order
   ^
/usr/include/c++/4.8/bits/atomic_base.h:90:3: note: C++11 'constexpr' only available with -std=c++11 or -std=gnu++11
/usr/include/c++/4.8/bits/atomic_base.h:98:41: error: expected initializer before 'noexcept'
   atomic_thread_fence(memory_order __m) noexcept
                                         ^
/usr/include/c++/4.8/bits/atomic_base.h:102:41: error: expected initializer before 'noexcept'
   atomic_signal_fence(memory_order __m) noexcept
                                         ^
/usr/include/c++/4.8/bits/atomic_base.h:108:30: error: expected initializer before 'noexcept'
     kill_dependency(_Tp __y) noexcept
                              ^
/usr/include/c++/4.8/bits/atomic_base.h:156:25: error: 'char16_t' was not declared in this scope
   typedef __atomic_base<char16_t>    atomic_char16_t;
                         ^
/usr/include/c++/4.8/bits/atomic_base.h:156:33: error: template argument 1 is invalid
   typedef __atomic_base<char16_t>    atomic_char16_t;
                                 ^
/usr/include/c++/4.8/bits/atomic_base.h:156:53: error: invalid type in declaration before ';' token
   typedef __atomic_base<char16_t>    atomic_char16_t;
                                                     ^
/usr/include/c++/4.8/bits/atomic_base.h:159:25: error: 'char32_t' was not declared in this scope
   typedef __atomic_base<char32_t>    atomic_char32_t;
                         ^
/usr/include/c++/4.8/bits/atomic_base.h:159:33: error: template argument 1 is invalid
   typedef __atomic_base<char32_t>    atomic_char32_t;
                                 ^
/usr/include/c++/4.8/bits/atomic_base.h:159:53: error: invalid type in declaration before ';' token
   typedef __atomic_base<char32_t>    atomic_char32_t;
                                                     ^
/usr/include/c++/4.8/bits/atomic_base.h:162:25: error: 'char32_t' was not declared in this scope
   typedef __atomic_base<char32_t>    atomic_char32_t;
                         ^
/usr/include/c++/4.8/bits/atomic_base.h:162:33: error: template argument 1 is invalid
   typedef __atomic_base<char32_t>    atomic_char32_t;
                                 ^
/usr/include/c++/4.8/bits/atomic_base.h:162:53: error: invalid type in declaration before ';' token
   typedef __atomic_base<char32_t>    atomic_char32_t;
                                                     ^
/usr/include/c++/4.8/bits/atomic_base.h:273:17: error: expected ';' at end of member declaration
     atomic_flag() noexcept = default;
                 ^
/usr/include/c++/4.8/bits/atomic_base.h:273:19: error: 'noexcept' does not name a type
     atomic_flag() noexcept = default;
                   ^
/usr/include/c++/4.8/bits/atomic_base.h:274:18: error: expected ';' at end of member declaration
     ~atomic_flag() noexcept = default;
                  ^
/usr/include/c++/4.8/bits/atomic_base.h:274:20: error: 'noexcept' does not name a type
     ~atomic_flag() noexcept = default;
                    ^
/usr/include/c++/4.8/bits/atomic_base.h:280:5: error: 'constexpr' does not name a type
     constexpr atomic_flag(bool __i) noexcept
     ^
/usr/include/c++/4.8/bits/atomic_base.h:280:5: note: C++11 'constexpr' only available with -std=c++11 or -std=gnu++11
/usr/include/c++/4.8/bits/atomic_base.h:282:5: error: expected unqualified-id before '{' token
     { }
     ^
/usr/include/c++/4.8/bits/atomic_base.h:285:57: error: expected ';' at end of member declaration
     test_and_set(memory_order __m = memory_order_seq_cst) noexcept
                                                         ^
/usr/include/c++/4.8/bits/atomic_base.h:285:59: error: 'noexcept' does not name a type
     test_and_set(memory_order __m = memory_order_seq_cst) noexcept
                                                           ^
/usr/include/c++/4.8/bits/atomic_base.h:291:59: error: expected ';' at end of member declaration
     test_and_set(memory_order __m = memory_order_seq_cst) volatile noexcept
                                                           ^
/usr/include/c++/4.8/bits/atomic_base.h:291:68: error: 'noexcept' does not name a type
     test_and_set(memory_order __m = memory_order_seq_cst) volatile noexcept
                                                                    ^
/usr/include/c++/4.8/bits/atomic_base.h:297:50: error: expected ';' at end of member declaration
     clear(memory_order __m = memory_order_seq_cst) noexcept
                                                  ^
/usr/include/c++/4.8/bits/atomic_base.h:297:52: error: 'noexcept' does not name a type
     clear(memory_order __m = memory_order_seq_cst) noexcept
                                                    ^
/usr/include/c++/4.8/bits/atomic_base.h:308:52: error: expected ';' at end of member declaration
     clear(memory_order __m = memory_order_seq_cst) volatile noexcept
                                                    ^
/usr/include/c++/4.8/bits/atomic_base.h:308:61: error: 'noexcept' does not name a type
     clear(memory_order __m = memory_order_seq_cst) volatile noexcept
                                                             ^
/usr/include/c++/4.8/bits/atomic_base.h:319:12: error: 'constexpr' does not name a type
     static constexpr __atomic_flag_data_type
            ^
/usr/include/c++/4.8/bits/atomic_base.h:319:12: note: C++11 'constexpr' only available with -std=c++11 or -std=gnu++11
/usr/include/c++/4.8/bits/atomic_base.h:357:21: error: expected ';' at end of member declaration
       __atomic_base() noexcept = default;
                     ^
/usr/include/c++/4.8/bits/atomic_base.h:357:23: error: 'noexcept' does not name a type
       __atomic_base() noexcept = default;
                       ^
/usr/include/c++/4.8/bits/atomic_base.h:358:22: error: expected ';' at end of member declaration
       ~__atomic_base() noexcept = default;
                      ^
/usr/include/c++/4.8/bits/atomic_base.h:358:24: error: 'noexcept' does not name a type
       ~__atomic_base() noexcept = default;
                        ^
/usr/include/c++/4.8/bits/atomic_base.h:364:7: error: 'constexpr' does not name a type
       constexpr __atomic_base(__int_type __i) noexcept : _M_i (__i) { }
       ^
/usr/include/c++/4.8/bits/atomic_base.h:364:7: note: C++11 'constexpr' only available with -std=c++11 or -std=gnu++11
/usr/include/c++/4.8/bits/atomic_base.h:366:29: error: expected ';' at end of member declaration
       operator __int_type() const noexcept
                             ^
/usr/include/c++/4.8/bits/atomic_base.h:366:35: error: 'noexcept' does not name a type
       operator __int_type() const noexcept
                                   ^
/usr/include/c++/4.8/bits/atomic_base.h:369:35: error: expected ';' at end of member declaration
       operator __int_type() const volatile noexcept
                                   ^
/usr/include/c++/4.8/bits/atomic_base.h:369:44: error: 'noexcept' does not name a type
       operator __int_type() const volatile noexcept
                                            ^
/usr/include/c++/4.8/bits/atomic_base.h:373:31: error: expected ';' at end of member declaration
       operator=(__int_type __i) noexcept
                               ^
/usr/include/c++/4.8/bits/atomic_base.h:373:33: error: 'noexcept' does not name a type
       operator=(__int_type __i) noexcept
                                 ^
/usr/include/c++/4.8/bits/atomic_base.h:380:33: error: expected ';' at end of member declaration
       operator=(__int_type __i) volatile noexcept
                                 ^
/usr/include/c++/4.8/bits/atomic_base.h:380:42: error: 'noexcept' does not name a type
       operator=(__int_type __i) volatile noexcept
                                          ^
/usr/include/c++/4.8/bits/atomic_base.h:387:21: error: expected ';' at end of member declaration
       operator++(int) noexcept
                     ^
/usr/include/c++/4.8/bits/atomic_base.h:387:23: error: 'noexcept' does not name a type
       operator++(int) noexcept
                       ^
/usr/include/c++/4.8/bits/atomic_base.h:391:23: error: expected ';' at end of member declaration
       operator++(int) volatile noexcept
                       ^
/usr/include/c++/4.8/bits/atomic_base.h:391:32: error: 'noexcept' does not name a type
       operator++(int) volatile noexcept
                                ^
/usr/include/c++/4.8/bits/atomic_base.h:395:21: error: expected ';' at end of member declaration
       operator--(int) noexcept
                     ^
/usr/include/c++/4.8/bits/atomic_base.h:395:23: error: 'noexcept' does not name a type
       operator--(int) noexcept
                       ^
/usr/include/c++/4.8/bits/atomic_base.h:399:23: error: expected ';' at end of member declaration
       operator--(int) volatile noexcept
                       ^
/usr/include/c++/4.8/bits/atomic_base.h:399:32: error: 'noexcept' does not name a type
       operator--(int) volatile noexcept
                                ^
/usr/include/c++/4.8/bits/atomic_base.h:403:18: error: expected ';' at end of member declaration
       operator++() noexcept
                  ^
/usr/include/c++/4.8/bits/atomic_base.h:403:20: error: 'noexcept' does not name a type
       operator++() noexcept
                    ^
/usr/include/c++/4.8/bits/atomic_base.h:407:20: error: expected ';' at end of member declaration
       operator++() volatile noexcept
                    ^
/usr/include/c++/4.8/bits/atomic_base.h:407:29: error: 'noexcept' does not name a type
       operator++() volatile noexcept
                             ^
/usr/include/c++/4.8/bits/atomic_base.h:411:18: error: expected ';' at end of member declaration
       operator--() noexcept
                  ^
/usr/include/c++/4.8/bits/atomic_base.h:411:20: error: 'noexcept' does not name a type
       operator--() noexcept
                    ^
/usr/include/c++/4.8/bits/atomic_base.h:415:20: error: expected ';' at end of member declaration
       operator--() volatile noexcept
                    ^
/usr/include/c++/4.8/bits/atomic_base.h:415:29: error: 'noexcept' does not name a type
       operator--() volatile noexcept
                             ^
/usr/include/c++/4.8/bits/atomic_base.h:419:32: error: expected ';' at end of member declaration
       operator+=(__int_type __i) noexcept
                                ^
/usr/include/c++/4.8/bits/atomic_base.h:419:34: error: 'noexcept' does not name a type
       operator+=(__int_type __i) noexcept
                                  ^
/usr/include/c++/4.8/bits/atomic_base.h:423:34: error: expected ';' at end of member declaration
       operator+=(__int_type __i) volatile noexcept
                                  ^
/usr/include/c++/4.8/bits/atomic_base.h:423:43: error: 'noexcept' does not name a type
       operator+=(__int_type __i) volatile noexcept
                                           ^
/usr/include/c++/4.8/bits/atomic_base.h:427:32: error: expected ';' at end of member declaration
       operator-=(__int_type __i) noexcept
                                ^
/usr/include/c++/4.8/bits/atomic_base.h:427:34: error: 'noexcept' does not name a type
       operator-=(__int_type __i) noexcept
                                  ^
/usr/include/c++/4.8/bits/atomic_base.h:431:34: error: expected ';' at end of member declaration
       operator-=(__int_type __i) volatile noexcept
                                  ^
/usr/include/c++/4.8/bits/atomic_base.h:431:43: error: 'noexcept' does not name a type
       operator-=(__int_type __i) volatile noexcept
                                           ^
/usr/include/c++/4.8/bits/atomic_base.h:435:32: error: expected ';' at end of member declaration
       operator&=(__int_type __i) noexcept
                                ^
/usr/include/c++/4.8/bits/atomic_base.h:435:34: error: 'noexcept' does not name a type
       operator&=(__int_type __i) noexcept
                                  ^
/usr/include/c++/4.8/bits/atomic_base.h:439:34: error: expected ';' at end of member declaration
       operator&=(__int_type __i) volatile noexcept
                                  ^
/usr/include/c++/4.8/bits/atomic_base.h:439:43: error: 'noexcept' does not name a type
       operator&=(__int_type __i) volatile noexcept
                                           ^
/usr/include/c++/4.8/bits/atomic_base.h:443:32: error: expected ';' at end of member declaration
       operator|=(__int_type __i) noexcept
                                ^
/usr/include/c++/4.8/bits/atomic_base.h:443:34: error: 'noexcept' does not name a type
       operator|=(__int_type __i) noexcept
                                  ^
/usr/include/c++/4.8/bits/atomic_base.h:447:34: error: expected ';' at end of member declaration
       operator|=(__int_type __i) volatile noexcept
                                  ^
/usr/include/c++/4.8/bits/atomic_base.h:447:43: error: 'noexcept' does not name a type
       operator|=(__int_type __i) volatile noexcept
                                           ^
/usr/include/c++/4.8/bits/atomic_base.h:451:32: error: expected ';' at end of member declaration
       operator^=(__int_type __i) noexcept
                                ^
/usr/include/c++/4.8/bits/atomic_base.h:451:34: error: 'noexcept' does not name a type
       operator^=(__int_type __i) noexcept
                                  ^
/usr/include/c++/4.8/bits/atomic_base.h:455:34: error: expected ';' at end of member declaration
       operator^=(__int_type __i) volatile noexcept
                                  ^
/usr/include/c++/4.8/bits/atomic_base.h:455:43: error: 'noexcept' does not name a type
       operator^=(__int_type __i) volatile noexcept
                                           ^
/usr/include/c++/4.8/bits/atomic_base.h:459:22: error: expected ';' at end of member declaration
       is_lock_free() const noexcept
                      ^
/usr/include/c++/4.8/bits/atomic_base.h:459:28: error: 'noexcept' does not name a type
       is_lock_free() const noexcept
                            ^
/usr/include/c++/4.8/bits/atomic_base.h:463:28: error: expected ';' at end of member declaration
       is_lock_free() const volatile noexcept
                            ^
/usr/include/c++/4.8/bits/atomic_base.h:463:37: error: 'noexcept' does not name a type
       is_lock_free() const volatile noexcept
                                     ^
/usr/include/c++/4.8/bits/atomic_base.h:467:68: error: expected ';' at end of member declaration
       store(__int_type __i, memory_order __m = memory_order_seq_cst) noexcept
                                                                    ^
/usr/include/c++/4.8/bits/atomic_base.h:467:70: error: 'noexcept' does not name a type
       store(__int_type __i, memory_order __m = memory_order_seq_cst) noexcept
                                                                      ^
/usr/include/c++/4.8/bits/atomic_base.h:479:47: error: expected ';' at end of member declaration
      memory_order __m = memory_order_seq_cst) volatile noexcept
                                               ^
/usr/include/c++/4.8/bits/atomic_base.h:479:56: error: 'noexcept' does not name a type
      memory_order __m = memory_order_seq_cst) volatile noexcept
                                                        ^
/usr/include/c++/4.8/bits/atomic_base.h:490:53: error: expected ';' at end of member declaration
       load(memory_order __m = memory_order_seq_cst) const noexcept
                                                     ^
/usr/include/c++/4.8/bits/atomic_base.h:490:59: error: 'noexcept' does not name a type
       load(memory_order __m = memory_order_seq_cst) const noexcept
                                                           ^
/usr/include/c++/4.8/bits/atomic_base.h:500:59: error: expected ';' at end of member declaration
       load(memory_order __m = memory_order_seq_cst) const volatile noexcept
                                                           ^
/usr/include/c++/4.8/bits/atomic_base.h:500:68: error: 'noexcept' does not name a type
       load(memory_order __m = memory_order_seq_cst) const volatile noexcept
                                                                    ^
/usr/include/c++/4.8/bits/atomic_base.h:511:48: error: expected ';' at end of member declaration
         memory_order __m = memory_order_seq_cst) noexcept
                                                ^
/usr/include/c++/4.8/bits/atomic_base.h:511:50: error: 'noexcept' does not name a type
         memory_order __m = memory_order_seq_cst) noexcept
                                                  ^
/usr/include/c++/4.8/bits/atomic_base.h:519:50: error: expected ';' at end of member declaration
         memory_order __m = memory_order_seq_cst) volatile noexcept
                                                  ^
/usr/include/c++/4.8/bits/atomic_base.h:519:59: error: 'noexcept' does not name a type
         memory_order __m = memory_order_seq_cst) volatile noexcept
                                                           ^
/usr/include/c++/4.8/bits/atomic_base.h:526:44: error: expected ';' at end of member declaration
        memory_order __m1, memory_order __m2) noexcept
                                            ^
/usr/include/c++/4.8/bits/atomic_base.h:526:46: error: 'noexcept' does not name a type
        memory_order __m1, memory_order __m2) noexcept
                                              ^
/usr/include/c++/4.8/bits/atomic_base.h:540:27: error: expected ';' at end of member declaration
        memory_order __m2) volatile noexcept
                           ^
/usr/include/c++/4.8/bits/atomic_base.h:540:36: error: 'noexcept' does not name a type
        memory_order __m2) volatile noexcept
                                    ^
/usr/include/c++/4.8/bits/atomic_base.h:553:47: error: expected ';' at end of member declaration
        memory_order __m = memory_order_seq_cst) noexcept
                                               ^
/usr/include/c++/4.8/bits/atomic_base.h:553:49: error: 'noexcept' does not name a type
        memory_order __m = memory_order_seq_cst) noexcept
                                                 ^
/usr/include/c++/4.8/bits/atomic_base.h:561:47: error: expected ';' at end of member declaration
      memory_order __m = memory_order_seq_cst) volatile noexcept
                                               ^
/usr/include/c++/4.8/bits/atomic_base.h:561:56: error: 'noexcept' does not name a type
      memory_order __m = memory_order_seq_cst) volatile noexcept
                                                        ^
/usr/include/c++/4.8/bits/atomic_base.h:569:46: error: expected ';' at end of member declaration
          memory_order __m1, memory_order __m2) noexcept
                                              ^
/usr/include/c++/4.8/bits/atomic_base.h:569:48: error: 'noexcept' does not name a type
          memory_order __m1, memory_order __m2) noexcept
                                                ^
/usr/include/c++/4.8/bits/atomic_base.h:583:29: error: expected ';' at end of member declaration
          memory_order __m2) volatile noexcept
                             ^
/usr/include/c++/4.8/bits/atomic_base.h:583:38: error: 'noexcept' does not name a type
          memory_order __m2) volatile noexcept
                                      ^
/usr/include/c++/4.8/bits/atomic_base.h:597:49: error: expected ';' at end of member declaration
          memory_order __m = memory_order_seq_cst) noexcept
                                                 ^
/usr/include/c++/4.8/bits/atomic_base.h:597:51: error: 'noexcept' does not name a type
          memory_order __m = memory_order_seq_cst) noexcept
                                                   ^
/usr/include/c++/4.8/bits/atomic_base.h:605:45: error: expected ';' at end of member declaration
    memory_order __m = memory_order_seq_cst) volatile noexcept
                                             ^
/usr/include/c++/4.8/bits/atomic_base.h:605:54: error: 'noexcept' does not name a type
    memory_order __m = memory_order_seq_cst) volatile noexcept
                                                      ^
/usr/include/c++/4.8/bits/atomic_base.h:613:42: error: expected ';' at end of member declaration
   memory_order __m = memory_order_seq_cst) noexcept
                                          ^
/usr/include/c++/4.8/bits/atomic_base.h:613:44: error: 'noexcept' does not name a type
   memory_order __m = memory_order_seq_cst) noexcept
                                            ^
/usr/include/c++/4.8/bits/atomic_base.h:618:44: error: expected ';' at end of member declaration
   memory_order __m = memory_order_seq_cst) volatile noexcept
                                            ^
/usr/include/c++/4.8/bits/atomic_base.h:618:53: error: 'noexcept' does not name a type
   memory_order __m = memory_order_seq_cst) volatile noexcept
                                                     ^
/usr/include/c++/4.8/bits/atomic_base.h:623:42: error: expected ';' at end of member declaration
   memory_order __m = memory_order_seq_cst) noexcept
                                          ^
/usr/include/c++/4.8/bits/atomic_base.h:623:44: error: 'noexcept' does not name a type
   memory_order __m = memory_order_seq_cst) noexcept
                                            ^
/usr/include/c++/4.8/bits/atomic_base.h:628:44: error: expected ';' at end of member declaration
   memory_order __m = memory_order_seq_cst) volatile noexcept
                                            ^
/usr/include/c++/4.8/bits/atomic_base.h:628:53: error: 'noexcept' does not name a type
   memory_order __m = memory_order_seq_cst) volatile noexcept
                                                     ^
/usr/include/c++/4.8/bits/atomic_base.h:633:42: error: expected ';' at end of member declaration
   memory_order __m = memory_order_seq_cst) noexcept
                                          ^
/usr/include/c++/4.8/bits/atomic_base.h:633:44: error: 'noexcept' does not name a type
   memory_order __m = memory_order_seq_cst) noexcept
                                            ^
/usr/include/c++/4.8/bits/atomic_base.h:638:44: error: expected ';' at end of member declaration
   memory_order __m = memory_order_seq_cst) volatile noexcept
                                            ^
/usr/include/c++/4.8/bits/atomic_base.h:638:53: error: 'noexcept' does not name a type
   memory_order __m = memory_order_seq_cst) volatile noexcept
                                                     ^
/usr/include/c++/4.8/bits/atomic_base.h:643:48: error: expected ';' at end of member declaration
         memory_order __m = memory_order_seq_cst) noexcept
                                                ^
/usr/include/c++/4.8/bits/atomic_base.h:643:50: error: 'noexcept' does not name a type
         memory_order __m = memory_order_seq_cst) noexcept
                                                  ^
/usr/include/c++/4.8/bits/atomic_base.h:648:50: error: expected ';' at end of member declaration
         memory_order __m = memory_order_seq_cst) volatile noexcept
                                                  ^
/usr/include/c++/4.8/bits/atomic_base.h:648:59: error: 'noexcept' does not name a type
         memory_order __m = memory_order_seq_cst) volatile noexcept
                                                           ^
/usr/include/c++/4.8/bits/atomic_base.h:653:42: error: expected ';' at end of member declaration
   memory_order __m = memory_order_seq_cst) noexcept
                                          ^
/usr/include/c++/4.8/bits/atomic_base.h:653:44: error: 'noexcept' does not name a type
   memory_order __m = memory_order_seq_cst) noexcept
                                            ^
/usr/include/c++/4.8/bits/atomic_base.h:658:44: error: expected ';' at end of member declaration
   memory_order __m = memory_order_seq_cst) volatile noexcept
                                            ^
/usr/include/c++/4.8/bits/atomic_base.h:658:53: error: 'noexcept' does not name a type
   memory_order __m = memory_order_seq_cst) volatile noexcept
                                                     ^
/usr/include/c++/4.8/bits/atomic_base.h:673:7: error: 'constexpr' does not name a type
       constexpr ptrdiff_t
       ^
/usr/include/c++/4.8/bits/atomic_base.h:673:7: note: C++11 'constexpr' only available with -std=c++11 or -std=gnu++11
/usr/include/c++/4.8/bits/atomic_base.h:676:7: error: 'constexpr' does not name a type
       constexpr ptrdiff_t
       ^
/usr/include/c++/4.8/bits/atomic_base.h:676:7: note: C++11 'constexpr' only available with -std=c++11 or -std=gnu++11
/usr/include/c++/4.8/bits/atomic_base.h:680:21: error: expected ';' at end of member declaration
       __atomic_base() noexcept = default;
                     ^
/usr/include/c++/4.8/bits/atomic_base.h:680:23: error: 'noexcept' does not name a type
       __atomic_base() noexcept = default;
                       ^
/usr/include/c++/4.8/bits/atomic_base.h:681:22: error: expected ';' at end of member declaration
       ~__atomic_base() noexcept = default;
                      ^
/usr/include/c++/4.8/bits/atomic_base.h:681:24: error: 'noexcept' does not name a type
       ~__atomic_base() noexcept = default;
                        ^
/usr/include/c++/4.8/bits/atomic_base.h:687:7: error: 'constexpr' does not name a type
       constexpr __atomic_base(__pointer_type __p) noexcept : _M_p (__p) { }
       ^
/usr/include/c++/4.8/bits/atomic_base.h:687:7: note: C++11 'constexpr' only available with -std=c++11 or -std=gnu++11
/usr/include/c++/4.8/bits/atomic_base.h:689:33: error: expected ';' at end of member declaration
       operator __pointer_type() const noexcept
                                 ^
/usr/include/c++/4.8/bits/atomic_base.h:689:39: error: 'noexcept' does not name a type
       operator __pointer_type() const noexcept
                                       ^
/usr/include/c++/4.8/bits/atomic_base.h:692:39: error: expected ';' at end of member declaration
       operator __pointer_type() const volatile noexcept
                                       ^
/usr/include/c++/4.8/bits/atomic_base.h:692:48: error: 'noexcept' does not name a type
       operator __pointer_type() const volatile noexcept
                                                ^
/usr/include/c++/4.8/bits/atomic_base.h:696:35: error: expected ';' at end of member declaration
       operator=(__pointer_type __p) noexcept
                                   ^
/usr/include/c++/4.8/bits/atomic_base.h:696:37: error: 'noexcept' does not name a type
       operator=(__pointer_type __p) noexcept
                                     ^
/usr/include/c++/4.8/bits/atomic_base.h:703:37: error: expected ';' at end of member declaration
       operator=(__pointer_type __p) volatile noexcept
                                     ^
/usr/include/c++/4.8/bits/atomic_base.h:703:46: error: 'noexcept' does not name a type
       operator=(__pointer_type __p) volatile noexcept
                                              ^
/usr/include/c++/4.8/bits/atomic_base.h:710:21: error: expected ';' at end of member declaration
       operator++(int) noexcept
                     ^
/usr/include/c++/4.8/bits/atomic_base.h:710:23: error: 'noexcept' does not name a type
       operator++(int) noexcept
                       ^
/usr/include/c++/4.8/bits/atomic_base.h:714:23: error: expected ';' at end of member declaration
       operator++(int) volatile noexcept
                       ^
/usr/include/c++/4.8/bits/atomic_base.h:714:32: error: 'noexcept' does not name a type
       operator++(int) volatile noexcept
                                ^
/usr/include/c++/4.8/bits/atomic_base.h:718:21: error: expected ';' at end of member declaration
       operator--(int) noexcept
                     ^
/usr/include/c++/4.8/bits/atomic_base.h:718:23: error: 'noexcept' does not name a type
       operator--(int) noexcept
                       ^
/usr/include/c++/4.8/bits/atomic_base.h:722:23: error: expected ';' at end of member declaration
       operator--(int) volatile noexcept
                       ^
/usr/include/c++/4.8/bits/atomic_base.h:722:32: error: 'noexcept' does not name a type
       operator--(int) volatile noexcept
                                ^
/usr/include/c++/4.8/bits/atomic_base.h:726:18: error: expected ';' at end of member declaration
       operator++() noexcept
                  ^
/usr/include/c++/4.8/bits/atomic_base.h:726:20: error: 'noexcept' does not name a type
       operator++() noexcept
                    ^
/usr/include/c++/4.8/bits/atomic_base.h:731:20: error: expected ';' at end of member declaration
       operator++() volatile noexcept
                    ^
/usr/include/c++/4.8/bits/atomic_base.h:731:29: error: 'noexcept' does not name a type
       operator++() volatile noexcept
                             ^
/usr/include/c++/4.8/bits/atomic_base.h:736:18: error: expected ';' at end of member declaration
       operator--() noexcept
                  ^
/usr/include/c++/4.8/bits/atomic_base.h:736:20: error: 'noexcept' does not name a type
       operator--() noexcept
                    ^
/usr/include/c++/4.8/bits/atomic_base.h:741:20: error: expected ';' at end of member declaration
       operator--() volatile noexcept
                    ^
/usr/include/c++/4.8/bits/atomic_base.h:741:29: error: 'noexcept' does not name a type
       operator--() volatile noexcept
                             ^
/usr/include/c++/4.8/bits/atomic_base.h:746:31: error: expected ';' at end of member declaration
       operator+=(ptrdiff_t __d) noexcept
                               ^
/usr/include/c++/4.8/bits/atomic_base.h:746:33: error: 'noexcept' does not name a type
       operator+=(ptrdiff_t __d) noexcept
                                 ^
/usr/include/c++/4.8/bits/atomic_base.h:751:33: error: expected ';' at end of member declaration
       operator+=(ptrdiff_t __d) volatile noexcept
                                 ^
/usr/include/c++/4.8/bits/atomic_base.h:751:42: error: 'noexcept' does not name a type
       operator+=(ptrdiff_t __d) volatile noexcept
                                          ^
/usr/include/c++/4.8/bits/atomic_base.h:756:31: error: expected ';' at end of member declaration
       operator-=(ptrdiff_t __d) noexcept
                               ^
/usr/include/c++/4.8/bits/atomic_base.h:756:33: error: 'noexcept' does not name a type
       operator-=(ptrdiff_t __d) noexcept
                                 ^
/usr/include/c++/4.8/bits/atomic_base.h:761:33: error: expected ';' at end of member declaration
       operator-=(ptrdiff_t __d) volatile noexcept
                                 ^
/usr/include/c++/4.8/bits/atomic_base.h:761:42: error: 'noexcept' does not name a type
       operator-=(ptrdiff_t __d) volatile noexcept
                                          ^
/usr/include/c++/4.8/bits/atomic_base.h:766:22: error: expected ';' at end of member declaration
       is_lock_free() const noexcept
                      ^
/usr/include/c++/4.8/bits/atomic_base.h:766:28: error: 'noexcept' does not name a type
       is_lock_free() const noexcept
                            ^
/usr/include/c++/4.8/bits/atomic_base.h:770:28: error: expected ';' at end of member declaration
       is_lock_free() const volatile noexcept
                            ^
/usr/include/c++/4.8/bits/atomic_base.h:770:37: error: 'noexcept' does not name a type
       is_lock_free() const volatile noexcept
                                     ^
/usr/include/c++/4.8/bits/atomic_base.h:775:45: error: expected ';' at end of member declaration
      memory_order __m = memory_order_seq_cst) noexcept
                                             ^
/usr/include/c++/4.8/bits/atomic_base.h:775:47: error: 'noexcept' does not name a type
      memory_order __m = memory_order_seq_cst) noexcept
                                               ^
/usr/include/c++/4.8/bits/atomic_base.h:788:47: error: expected ';' at end of member declaration
      memory_order __m = memory_order_seq_cst) volatile noexcept
                                               ^
/usr/include/c++/4.8/bits/atomic_base.h:788:56: error: 'noexcept' does not name a type
      memory_order __m = memory_order_seq_cst) volatile noexcept
                                                        ^
/usr/include/c++/4.8/bits/atomic_base.h:799:53: error: expected ';' at end of member declaration
       load(memory_order __m = memory_order_seq_cst) const noexcept
                                                     ^
/usr/include/c++/4.8/bits/atomic_base.h:799:59: error: 'noexcept' does not name a type
       load(memory_order __m = memory_order_seq_cst) const noexcept
                                                           ^
/usr/include/c++/4.8/bits/atomic_base.h:809:59: error: expected ';' at end of member declaration
       load(memory_order __m = memory_order_seq_cst) const volatile noexcept
                                                           ^
/usr/include/c++/4.8/bits/atomic_base.h:809:68: error: 'noexcept' does not name a type
       load(memory_order __m = memory_order_seq_cst) const volatile noexcept
                                                                    ^
/usr/include/c++/4.8/bits/atomic_base.h:820:48: error: expected ';' at end of member declaration
         memory_order __m = memory_order_seq_cst) noexcept
                                                ^
/usr/include/c++/4.8/bits/atomic_base.h:820:50: error: 'noexcept' does not name a type
         memory_order __m = memory_order_seq_cst) noexcept
                                                  ^
/usr/include/c++/4.8/bits/atomic_base.h:828:50: error: expected ';' at end of member declaration
         memory_order __m = memory_order_seq_cst) volatile noexcept
                                                  ^
/usr/include/c++/4.8/bits/atomic_base.h:828:59: error: 'noexcept' does not name a type
         memory_order __m = memory_order_seq_cst) volatile noexcept
                                                           ^
/usr/include/c++/4.8/bits/atomic_base.h:836:27: error: expected ';' at end of member declaration
          memory_order __m2) noexcept
                           ^
/usr/include/c++/4.8/bits/atomic_base.h:836:29: error: 'noexcept' does not name a type
          memory_order __m2) noexcept
                             ^
/usr/include/c++/4.8/bits/atomic_base.h:850:29: error: expected ';' at end of member declaration
          memory_order __m2) volatile noexcept
                             ^
/usr/include/c++/4.8/bits/atomic_base.h:850:38: error: 'noexcept' does not name a type
          memory_order __m2) volatile noexcept
                                      ^
/usr/include/c++/4.8/bits/atomic_base.h:864:42: error: expected ';' at end of member declaration
   memory_order __m = memory_order_seq_cst) noexcept
                                          ^
/usr/include/c++/4.8/bits/atomic_base.h:864:44: error: 'noexcept' does not name a type
   memory_order __m = memory_order_seq_cst) noexcept
                                            ^
/usr/include/c++/4.8/bits/atomic_base.h:869:44: error: expected ';' at end of member declaration
   memory_order __m = memory_order_seq_cst) volatile noexcept
                                            ^
/usr/include/c++/4.8/bits/atomic_base.h:869:53: error: 'noexcept' does not name a type
   memory_order __m = memory_order_seq_cst) volatile noexcept
                                                     ^
/usr/include/c++/4.8/bits/atomic_base.h:874:42: error: expected ';' at end of member declaration
   memory_order __m = memory_order_seq_cst) noexcept
                                          ^
/usr/include/c++/4.8/bits/atomic_base.h:874:44: error: 'noexcept' does not name a type
   memory_order __m = memory_order_seq_cst) noexcept
                                            ^
/usr/include/c++/4.8/bits/atomic_base.h:879:44: error: expected ';' at end of member declaration
   memory_order __m = memory_order_seq_cst) volatile noexcept
                                            ^
/usr/include/c++/4.8/bits/atomic_base.h:879:53: error: 'noexcept' does not name a type
   memory_order __m = memory_order_seq_cst) volatile noexcept
                                                     ^
In file included from conftest.cpp:42:0:
/usr/include/c++/4.8/atomic:60:17: error: expected ';' at end of member declaration
     atomic_bool() noexcept = default;
                 ^
/usr/include/c++/4.8/atomic:60:19: error: 'noexcept' does not name a type
     atomic_bool() noexcept = default;
                   ^
/usr/include/c++/4.8/atomic:61:18: error: expected ';' at end of member declaration
     ~atomic_bool() noexcept = default;
                  ^
/usr/include/c++/4.8/atomic:61:20: error: 'noexcept' does not name a type
     ~atomic_bool() noexcept = default;
                    ^
/usr/include/c++/4.8/atomic:66:5: error: 'constexpr' does not name a type
     constexpr atomic_bool(bool __i) noexcept : _M_base(__i) { }
     ^
/usr/include/c++/4.8/atomic:66:5: note: C++11 'constexpr' only available with -std=c++11 or -std=gnu++11
/usr/include/c++/4.8/atomic:69:23: error: expected ';' at end of member declaration
     operator=(bool __i) noexcept
                       ^
/usr/include/c++/4.8/atomic:69:25: error: 'noexcept' does not name a type
     operator=(bool __i) noexcept
                         ^
/usr/include/c++/4.8/atomic:73:25: error: expected ';' at end of member declaration
     operator=(bool __i) volatile noexcept
                         ^
/usr/include/c++/4.8/atomic:73:34: error: 'noexcept' does not name a type
     operator=(bool __i) volatile noexcept
                                  ^
/usr/include/c++/4.8/atomic:76:21: error: expected ';' at end of member declaration
     operator bool() const noexcept
                     ^
/usr/include/c++/4.8/atomic:76:27: error: 'noexcept' does not name a type
     operator bool() const noexcept
                           ^
/usr/include/c++/4.8/atomic:79:27: error: expected ';' at end of member declaration
     operator bool() const volatile noexcept
                           ^
/usr/include/c++/4.8/atomic:79:36: error: 'noexcept' does not name a type
     operator bool() const volatile noexcept
                                    ^
/usr/include/c++/4.8/atomic:83:20: error: expected ';' at end of member declaration
     is_lock_free() const noexcept { return _M_base.is_lock_free(); }
                    ^
/usr/include/c++/4.8/atomic:83:26: error: 'noexcept' does not name a type
     is_lock_free() const noexcept { return _M_base.is_lock_free(); }
                          ^
/usr/include/c++/4.8/atomic:86:26: error: expected ';' at end of member declaration
     is_lock_free() const volatile noexcept { return _M_base.is_lock_free(); }
                          ^
/usr/include/c++/4.8/atomic:86:35: error: 'noexcept' does not name a type
     is_lock_free() const volatile noexcept { return _M_base.is_lock_free(); }
                                   ^
/usr/include/c++/4.8/atomic:89:60: error: expected ';' at end of member declaration
     store(bool __i, memory_order __m = memory_order_seq_cst) noexcept
                                                            ^
/usr/include/c++/4.8/atomic:89:62: error: 'noexcept' does not name a type
     store(bool __i, memory_order __m = memory_order_seq_cst) noexcept
                                                              ^
/usr/include/c++/4.8/atomic:93:62: error: expected ';' at end of member declaration
     store(bool __i, memory_order __m = memory_order_seq_cst) volatile noexcept
                                                              ^
/usr/include/c++/4.8/atomic:93:71: error: 'noexcept' does not name a type
     store(bool __i, memory_order __m = memory_order_seq_cst) volatile noexcept
                                                                       ^
/usr/include/c++/4.8/atomic:97:51: error: expected ';' at end of member declaration
     load(memory_order __m = memory_order_seq_cst) const noexcept
                                                   ^
/usr/include/c++/4.8/atomic:97:57: error: 'noexcept' does not name a type
     load(memory_order __m = memory_order_seq_cst) const noexcept
                                                         ^
/usr/include/c++/4.8/atomic:101:57: error: expected ';' at end of member declaration
     load(memory_order __m = memory_order_seq_cst) const volatile noexcept
                                                         ^
/usr/include/c++/4.8/atomic:101:66: error: 'noexcept' does not name a type
     load(memory_order __m = memory_order_seq_cst) const volatile noexcept
                                                                  ^
/usr/include/c++/4.8/atomic:105:63: error: expected ';' at end of member declaration
     exchange(bool __i, memory_order __m = memory_order_seq_cst) noexcept
                                                               ^
/usr/include/c++/4.8/atomic:105:65: error: 'noexcept' does not name a type
     exchange(bool __i, memory_order __m = memory_order_seq_cst) noexcept
                                                                 ^
/usr/include/c++/4.8/atomic:110:48: error: expected ';' at end of member declaration
       memory_order __m = memory_order_seq_cst) volatile noexcept
                                                ^
/usr/include/c++/4.8/atomic:110:57: error: 'noexcept' does not name a type
       memory_order __m = memory_order_seq_cst) volatile noexcept
                                                         ^
/usr/include/c++/4.8/atomic:115:23: error: expected ';' at end of member declaration
      memory_order __m2) noexcept
                       ^
/usr/include/c++/4.8/atomic:115:25: error: 'noexcept' does not name a type
      memory_order __m2) noexcept
                         ^
/usr/include/c++/4.8/atomic:120:25: error: expected ';' at end of member declaration
      memory_order __m2) volatile noexcept
                         ^
/usr/include/c++/4.8/atomic:120:34: error: 'noexcept' does not name a type
      memory_order __m2) volatile noexcept
                                  ^
/usr/include/c++/4.8/atomic:125:45: error: expected ';' at end of member declaration
      memory_order __m = memory_order_seq_cst) noexcept
                                             ^
/usr/include/c++/4.8/atomic:125:47: error: 'noexcept' does not name a type
      memory_order __m = memory_order_seq_cst) noexcept
                                               ^
/usr/include/c++/4.8/atomic:130:49: error: expected ';' at end of member declaration
        memory_order __m = memory_order_seq_cst) volatile noexcept
                                                 ^
/usr/include/c++/4.8/atomic:130:58: error: 'noexcept' does not name a type
        memory_order __m = memory_order_seq_cst) volatile noexcept
                                                          ^
/usr/include/c++/4.8/atomic:135:25: error: expected ';' at end of member declaration
        memory_order __m2) noexcept
                         ^
/usr/include/c++/4.8/atomic:135:27: error: 'noexcept' does not name a type
        memory_order __m2) noexcept
                           ^
/usr/include/c++/4.8/atomic:140:27: error: expected ';' at end of member declaration
        memory_order __m2) volatile noexcept
                           ^
/usr/include/c++/4.8/atomic:140:36: error: 'noexcept' does not name a type
        memory_order __m2) volatile noexcept
                                    ^
/usr/include/c++/4.8/atomic:145:47: error: expected ';' at end of member declaration
        memory_order __m = memory_order_seq_cst) noexcept
                                               ^
/usr/include/c++/4.8/atomic:145:49: error: 'noexcept' does not name a type
        memory_order __m = memory_order_seq_cst) noexcept
                                                 ^
/usr/include/c++/4.8/atomic:150:48: error: expected ';' at end of member declaration
       memory_order __m = memory_order_seq_cst) volatile noexcept
                                                ^
/usr/include/c++/4.8/atomic:150:57: error: 'noexcept' does not name a type
       memory_order __m = memory_order_seq_cst) volatile noexcept
                                                         ^
/usr/include/c++/4.8/atomic:167:14: error: expected ';' at end of member declaration
       atomic() noexcept = default;
              ^
/usr/include/c++/4.8/atomic:167:16: error: 'noexcept' does not name a type
       atomic() noexcept = default;
                ^
/usr/include/c++/4.8/atomic:168:15: error: expected ';' at end of member declaration
       ~atomic() noexcept = default;
               ^
/usr/include/c++/4.8/atomic:168:17: error: 'noexcept' does not name a type
       ~atomic() noexcept = default;
                 ^
/usr/include/c++/4.8/atomic:173:7: error: 'constexpr' does not name a type
       constexpr atomic(_Tp __i) noexcept : _M_i(__i) { }
       ^
/usr/include/c++/4.8/atomic:173:7: note: C++11 'constexpr' only available with -std=c++11 or -std=gnu++11
/usr/include/c++/4.8/atomic:175:22: error: expected ';' at end of member declaration
       operator _Tp() const noexcept
                      ^
/usr/include/c++/4.8/atomic:175:28: error: 'noexcept' does not name a type
       operator _Tp() const noexcept
                            ^
/usr/include/c++/4.8/atomic:178:28: error: expected ';' at end of member declaration
       operator _Tp() const volatile noexcept
                            ^
/usr/include/c++/4.8/atomic:178:37: error: 'noexcept' does not name a type
       operator _Tp() const volatile noexcept
                                     ^
/usr/include/c++/4.8/atomic:182:24: error: expected ';' at end of member declaration
       operator=(_Tp __i) noexcept 
                        ^
/usr/include/c++/4.8/atomic:182:26: error: 'noexcept' does not name a type
       operator=(_Tp __i) noexcept 
                          ^
/usr/include/c++/4.8/atomic:186:26: error: expected ';' at end of member declaration
       operator=(_Tp __i) volatile noexcept 
                          ^
/usr/include/c++/4.8/atomic:186:35: error: 'noexcept' does not name a type
       operator=(_Tp __i) volatile noexcept 
                                   ^
/usr/include/c++/4.8/atomic:190:22: error: expected ';' at end of member declaration
       is_lock_free() const noexcept
                      ^
/usr/include/c++/4.8/atomic:190:28: error: 'noexcept' does not name a type
       is_lock_free() const noexcept
                            ^
/usr/include/c++/4.8/atomic:194:28: error: expected ';' at end of member declaration
       is_lock_free() const volatile noexcept
                            ^
/usr/include/c++/4.8/atomic:194:37: error: 'noexcept' does not name a type
       is_lock_free() const volatile noexcept
                                     ^
/usr/include/c++/4.8/atomic:198:60: error: expected ';' at end of member declaration
       store(_Tp __i, memory_order _m = memory_order_seq_cst) noexcept
                                                            ^
/usr/include/c++/4.8/atomic:198:62: error: 'noexcept' does not name a type
       store(_Tp __i, memory_order _m = memory_order_seq_cst) noexcept
                                                              ^
/usr/include/c++/4.8/atomic:202:62: error: expected ';' at end of member declaration
       store(_Tp __i, memory_order _m = memory_order_seq_cst) volatile noexcept
                                                              ^
/usr/include/c++/4.8/atomic:202:71: error: 'noexcept' does not name a type
       store(_Tp __i, memory_order _m = memory_order_seq_cst) volatile noexcept
                                                                       ^
/usr/include/c++/4.8/atomic:206:52: error: expected ';' at end of member declaration
       load(memory_order _m = memory_order_seq_cst) const noexcept
                                                    ^
/usr/include/c++/4.8/atomic:206:58: error: 'noexcept' does not name a type
       load(memory_order _m = memory_order_seq_cst) const noexcept
                                                          ^
/usr/include/c++/4.8/atomic:214:58: error: expected ';' at end of member declaration
       load(memory_order _m = memory_order_seq_cst) const volatile noexcept
                                                          ^
/usr/include/c++/4.8/atomic:214:67: error: 'noexcept' does not name a type
       load(memory_order _m = memory_order_seq_cst) const volatile noexcept
                                                                   ^
/usr/include/c++/4.8/atomic:222:63: error: expected ';' at end of member declaration
       exchange(_Tp __i, memory_order _m = memory_order_seq_cst) noexcept
                                                               ^
/usr/include/c++/4.8/atomic:222:65: error: 'noexcept' does not name a type
       exchange(_Tp __i, memory_order _m = memory_order_seq_cst) noexcept
                                                                 ^
/usr/include/c++/4.8/atomic:231:49: error: expected ';' at end of member declaration
         memory_order _m = memory_order_seq_cst) volatile noexcept
                                                 ^
/usr/include/c++/4.8/atomic:231:58: error: 'noexcept' does not name a type
         memory_order _m = memory_order_seq_cst) volatile noexcept
                                                          ^
/usr/include/c++/4.8/atomic:240:24: error: expected ';' at end of member declaration
        memory_order __f) noexcept
                        ^
/usr/include/c++/4.8/atomic:240:26: error: 'noexcept' does not name a type
        memory_order __f) noexcept
                          ^
/usr/include/c++/4.8/atomic:247:26: error: expected ';' at end of member declaration
        memory_order __f) volatile noexcept
                          ^
/usr/include/c++/4.8/atomic:247:35: error: 'noexcept' does not name a type
        memory_order __f) volatile noexcept
                                   ^
/usr/include/c++/4.8/atomic:254:47: error: expected ';' at end of member declaration
        memory_order __m = memory_order_seq_cst) noexcept
                                               ^
/usr/include/c++/4.8/atomic:254:49: error: 'noexcept' does not name a type
        memory_order __m = memory_order_seq_cst) noexcept
                                                 ^
/usr/include/c++/4.8/atomic:259:49: error: expected ';' at end of member declaration
        memory_order __m = memory_order_seq_cst) volatile noexcept
                                                 ^
/usr/include/c++/4.8/atomic:259:58: error: 'noexcept' does not name a type
        memory_order __m = memory_order_seq_cst) volatile noexcept
                                                          ^
/usr/include/c++/4.8/atomic:264:26: error: expected ';' at end of member declaration
          memory_order __f) noexcept
                          ^
/usr/include/c++/4.8/atomic:264:28: error: 'noexcept' does not name a type
          memory_order __f) noexcept
                            ^
/usr/include/c++/4.8/atomic:271:28: error: expected ';' at end of member declaration
          memory_order __f) volatile noexcept
                            ^
/usr/include/c++/4.8/atomic:271:37: error: 'noexcept' does not name a type
          memory_order __f) volatile noexcept
                                     ^
/usr/include/c++/4.8/atomic:278:50: error: expected ';' at end of member declaration
           memory_order __m = memory_order_seq_cst) noexcept
                                                  ^
/usr/include/c++/4.8/atomic:278:52: error: 'noexcept' does not name a type
           memory_order __m = memory_order_seq_cst) noexcept
                                                    ^
/usr/include/c++/4.8/atomic:283:49: error: expected ';' at end of member declaration
        memory_order __m = memory_order_seq_cst) volatile noexcept
                                                 ^
/usr/include/c++/4.8/atomic:283:58: error: 'noexcept' does not name a type
        memory_order __m = memory_order_seq_cst) volatile noexcept
                                                          ^
/usr/include/c++/4.8/atomic:296:14: error: expected ';' at end of member declaration
       atomic() noexcept = default;
              ^
/usr/include/c++/4.8/atomic:296:16: error: 'noexcept' does not name a type
       atomic() noexcept = default;
                ^
/usr/include/c++/4.8/atomic:297:15: error: expected ';' at end of member declaration
       ~atomic() noexcept = default;
               ^
/usr/include/c++/4.8/atomic:297:17: error: 'noexcept' does not name a type
       ~atomic() noexcept = default;
                 ^
/usr/include/c++/4.8/atomic:302:7: error: 'constexpr' does not name a type
       constexpr atomic(__pointer_type __p) noexcept : _M_b(__p) { }
       ^
/usr/include/c++/4.8/atomic:302:7: note: C++11 'constexpr' only available with -std=c++11 or -std=gnu++11
/usr/include/c++/4.8/atomic:304:33: error: expected ';' at end of member declaration
       operator __pointer_type() const noexcept
                                 ^
/usr/include/c++/4.8/atomic:304:39: error: 'noexcept' does not name a type
       operator __pointer_type() const noexcept
                                       ^
/usr/include/c++/4.8/atomic:307:39: error: expected ';' at end of member declaration
       operator __pointer_type() const volatile noexcept
                                       ^
/usr/include/c++/4.8/atomic:307:48: error: 'noexcept' does not name a type
       operator __pointer_type() const volatile noexcept
                                                ^
/usr/include/c++/4.8/atomic:311:35: error: expected ';' at end of member declaration
       operator=(__pointer_type __p) noexcept
                                   ^
/usr/include/c++/4.8/atomic:311:37: error: 'noexcept' does not name a type
       operator=(__pointer_type __p) noexcept
                                     ^
/usr/include/c++/4.8/atomic:315:37: error: expected ';' at end of member declaration
       operator=(__pointer_type __p) volatile noexcept
                                     ^
/usr/include/c++/4.8/atomic:315:46: error: 'noexcept' does not name a type
       operator=(__pointer_type __p) volatile noexcept
                                              ^
/usr/include/c++/4.8/atomic:319:21: error: expected ';' at end of member declaration
       operator++(int) noexcept
                     ^
/usr/include/c++/4.8/atomic:319:23: error: 'noexcept' does not name a type
       operator++(int) noexcept
                       ^
/usr/include/c++/4.8/atomic:323:23: error: expected ';' at end of member declaration
       operator++(int) volatile noexcept
                       ^
/usr/include/c++/4.8/atomic:323:32: error: 'noexcept' does not name a type
       operator++(int) volatile noexcept
                                ^
/usr/include/c++/4.8/atomic:327:21: error: expected ';' at end of member declaration
       operator--(int) noexcept
                     ^
/usr/include/c++/4.8/atomic:327:23: error: 'noexcept' does not name a type
       operator--(int) noexcept
                       ^
/usr/include/c++/4.8/atomic:331:23: error: expected ';' at end of member declaration
       operator--(int) volatile noexcept
                       ^
/usr/include/c++/4.8/atomic:331:32: error: 'noexcept' does not name a type
       operator--(int) volatile noexcept
                                ^
/usr/include/c++/4.8/atomic:335:18: error: expected ';' at end of member declaration
       operator++() noexcept
                  ^
/usr/include/c++/4.8/atomic:335:20: error: 'noexcept' does not name a type
       operator++() noexcept
                    ^
/usr/include/c++/4.8/atomic:339:20: error: expected ';' at end of member declaration
       operator++() volatile noexcept
                    ^
/usr/include/c++/4.8/atomic:339:29: error: 'noexcept' does not name a type
       operator++() volatile noexcept
                             ^
/usr/include/c++/4.8/atomic:343:18: error: expected ';' at end of member declaration
       operator--() noexcept
                  ^
/usr/include/c++/4.8/atomic:343:20: error: 'noexcept' does not name a type
       operator--() noexcept
                    ^
/usr/include/c++/4.8/atomic:347:20: error: expected ';' at end of member declaration
       operator--() volatile noexcept
                    ^
/usr/include/c++/4.8/atomic:347:29: error: 'noexcept' does not name a type
       operator--() volatile noexcept
                             ^
/usr/include/c++/4.8/atomic:351:31: error: expected ';' at end of member declaration
       operator+=(ptrdiff_t __d) noexcept
                               ^
/usr/include/c++/4.8/atomic:351:33: error: 'noexcept' does not name a type
       operator+=(ptrdiff_t __d) noexcept
                                 ^
/usr/include/c++/4.8/atomic:355:33: error: expected ';' at end of member declaration
       operator+=(ptrdiff_t __d) volatile noexcept
                                 ^
/usr/include/c++/4.8/atomic:355:42: error: 'noexcept' does not name a type
       operator+=(ptrdiff_t __d) volatile noexcept
                                          ^
/usr/include/c++/4.8/atomic:359:31: error: expected ';' at end of member declaration
       operator-=(ptrdiff_t __d) noexcept
                               ^
/usr/include/c++/4.8/atomic:359:33: error: 'noexcept' does not name a type
       operator-=(ptrdiff_t __d) noexcept
                                 ^
/usr/include/c++/4.8/atomic:363:33: error: expected ';' at end of member declaration
       operator-=(ptrdiff_t __d) volatile noexcept
                                 ^
/usr/include/c++/4.8/atomic:363:42: error: 'noexcept' does not name a type
       operator-=(ptrdiff_t __d) volatile noexcept
                                          ^
/usr/include/c++/4.8/atomic:367:22: error: expected ';' at end of member declaration
       is_lock_free() const noexcept
                      ^
/usr/include/c++/4.8/atomic:367:28: error: 'noexcept' does not name a type
       is_lock_free() const noexcept
                            ^
/usr/include/c++/4.8/atomic:371:28: error: expected ';' at end of member declaration
       is_lock_free() const volatile noexcept
                            ^
/usr/include/c++/4.8/atomic:371:37: error: 'noexcept' does not name a type
       is_lock_free() const volatile noexcept
                                     ^
/usr/include/c++/4.8/atomic:376:45: error: expected ';' at end of member declaration
      memory_order __m = memory_order_seq_cst) noexcept
                                             ^
/usr/include/c++/4.8/atomic:376:47: error: 'noexcept' does not name a type
      memory_order __m = memory_order_seq_cst) noexcept
                                               ^
/usr/include/c++/4.8/atomic:381:47: error: expected ';' at end of member declaration
      memory_order __m = memory_order_seq_cst) volatile noexcept
                                               ^
/usr/include/c++/4.8/atomic:381:56: error: 'noexcept' does not name a type
      memory_order __m = memory_order_seq_cst) volatile noexcept
                                                        ^
/usr/include/c++/4.8/atomic:385:53: error: expected ';' at end of member declaration
       load(memory_order __m = memory_order_seq_cst) const noexcept
                                                     ^
/usr/include/c++/4.8/atomic:385:59: error: 'noexcept' does not name a type
       load(memory_order __m = memory_order_seq_cst) const noexcept
                                                           ^
/usr/include/c++/4.8/atomic:389:59: error: expected ';' at end of member declaration
       load(memory_order __m = memory_order_seq_cst) const volatile noexcept
                                                           ^
/usr/include/c++/4.8/atomic:389:68: error: 'noexcept' does not name a type
       load(memory_order __m = memory_order_seq_cst) const volatile noexcept
                                                                    ^
/usr/include/c++/4.8/atomic:394:48: error: expected ';' at end of member declaration
         memory_order __m = memory_order_seq_cst) noexcept
                                                ^
/usr/include/c++/4.8/atomic:394:50: error: 'noexcept' does not name a type
         memory_order __m = memory_order_seq_cst) noexcept
                                                  ^
/usr/include/c++/4.8/atomic:399:50: error: expected ';' at end of member declaration
         memory_order __m = memory_order_seq_cst) volatile noexcept
                                                  ^
/usr/include/c++/4.8/atomic:399:59: error: 'noexcept' does not name a type
         memory_order __m = memory_order_seq_cst) volatile noexcept
                                                           ^
/usr/include/c++/4.8/atomic:404:44: error: expected ';' at end of member declaration
        memory_order __m1, memory_order __m2) noexcept
                                            ^
/usr/include/c++/4.8/atomic:404:46: error: 'noexcept' does not name a type
        memory_order __m1, memory_order __m2) noexcept
                                              ^
/usr/include/c++/4.8/atomic:410:27: error: expected ';' at end of member declaration
        memory_order __m2) volatile noexcept
                           ^
/usr/include/c++/4.8/atomic:410:36: error: 'noexcept' does not name a type
        memory_order __m2) volatile noexcept
                                    ^
/usr/include/c++/4.8/atomic:415:47: error: expected ';' at end of member declaration
        memory_order __m = memory_order_seq_cst) noexcept
                                               ^
/usr/include/c++/4.8/atomic:415:49: error: 'noexcept' does not name a type
        memory_order __m = memory_order_seq_cst) noexcept
                                                 ^
/usr/include/c++/4.8/atomic:423:48: error: expected ';' at end of member declaration
       memory_order __m = memory_order_seq_cst) volatile noexcept
                                                ^
/usr/include/c++/4.8/atomic:423:57: error: 'noexcept' does not name a type
       memory_order __m = memory_order_seq_cst) volatile noexcept
                                                         ^
/usr/include/c++/4.8/atomic:431:46: error: expected ';' at end of member declaration
          memory_order __m1, memory_order __m2) noexcept
                                              ^
/usr/include/c++/4.8/atomic:431:48: error: 'noexcept' does not name a type
          memory_order __m1, memory_order __m2) noexcept
                                                ^
/usr/include/c++/4.8/atomic:437:29: error: expected ';' at end of member declaration
          memory_order __m2) volatile noexcept
                             ^
/usr/include/c++/4.8/atomic:437:38: error: 'noexcept' does not name a type
          memory_order __m2) volatile noexcept
                                      ^
/usr/include/c++/4.8/atomic:442:49: error: expected ';' at end of member declaration
          memory_order __m = memory_order_seq_cst) noexcept
                                                 ^
/usr/include/c++/4.8/atomic:442:51: error: 'noexcept' does not name a type
          memory_order __m = memory_order_seq_cst) noexcept
                                                   ^
/usr/include/c++/4.8/atomic:450:48: error: expected ';' at end of member declaration
       memory_order __m = memory_order_seq_cst) volatile noexcept
                                                ^
/usr/include/c++/4.8/atomic:450:57: error: 'noexcept' does not name a type
       memory_order __m = memory_order_seq_cst) volatile noexcept
                                                         ^
/usr/include/c++/4.8/atomic:458:42: error: expected ';' at end of member declaration
   memory_order __m = memory_order_seq_cst) noexcept
                                          ^
/usr/include/c++/4.8/atomic:458:44: error: 'noexcept' does not name a type
   memory_order __m = memory_order_seq_cst) noexcept
                                            ^
/usr/include/c++/4.8/atomic:463:44: error: expected ';' at end of member declaration
   memory_order __m = memory_order_seq_cst) volatile noexcept
                                            ^
/usr/include/c++/4.8/atomic:463:53: error: 'noexcept' does not name a type
   memory_order __m = memory_order_seq_cst) volatile noexcept
                                                     ^
/usr/include/c++/4.8/atomic:468:42: error: expected ';' at end of member declaration
   memory_order __m = memory_order_seq_cst) noexcept
                                          ^
/usr/include/c++/4.8/atomic:468:44: error: 'noexcept' does not name a type
   memory_order __m = memory_order_seq_cst) noexcept
                                            ^
/usr/include/c++/4.8/atomic:473:44: error: expected ';' at end of member declaration
   memory_order __m = memory_order_seq_cst) volatile noexcept
                                            ^
/usr/include/c++/4.8/atomic:473:53: error: 'noexcept' does not name a type
   memory_order __m = memory_order_seq_cst) volatile noexcept
                                                     ^
/usr/include/c++/4.8/atomic:485:14: error: expected ';' at end of member declaration
       atomic() noexcept = default;
              ^
/usr/include/c++/4.8/atomic:485:16: error: 'noexcept' does not name a type
       atomic() noexcept = default;
                ^
/usr/include/c++/4.8/atomic:486:15: error: expected ';' at end of member declaration
       ~atomic() noexcept = default;
               ^
/usr/include/c++/4.8/atomic:486:17: error: 'noexcept' does not name a type
       ~atomic() noexcept = default;
                 ^
/usr/include/c++/4.8/atomic:491:7: error: 'constexpr' does not name a type
       constexpr atomic(__integral_type __i) noexcept : __base_type(__i) { }
       ^
/usr/include/c++/4.8/atomic:491:7: note: C++11 'constexpr' only available with -std=c++11 or -std=gnu++11
/usr/include/c++/4.8/atomic:504:14: error: expected ';' at end of member declaration
       atomic() noexcept = default;
              ^
/usr/include/c++/4.8/atomic:504:16: error: 'noexcept' does not name a type
       atomic() noexcept = default;
                ^
/usr/include/c++/4.8/atomic:505:15: error: expected ';' at end of member declaration
       ~atomic() noexcept = default;
               ^
/usr/include/c++/4.8/atomic:505:17: error: 'noexcept' does not name a type
       ~atomic() noexcept = default;
                 ^
/usr/include/c++/4.8/atomic:510:7: error: 'constexpr' does not name a type
       constexpr atomic(__integral_type __i) noexcept : __base_type(__i) { }
       ^
/usr/include/c++/4.8/atomic:510:7: note: C++11 'constexpr' only available with -std=c++11 or -std=gnu++11
/usr/include/c++/4.8/atomic:523:14: error: expected ';' at end of member declaration
       atomic() noexcept= default;
              ^
/usr/include/c++/4.8/atomic:523:16: error: 'noexcept' does not name a type
       atomic() noexcept= default;
                ^
/usr/include/c++/4.8/atomic:524:15: error: expected ';' at end of member declaration
       ~atomic() noexcept = default;
               ^
/usr/include/c++/4.8/atomic:524:17: error: 'noexcept' does not name a type
       ~atomic() noexcept = default;
                 ^
/usr/include/c++/4.8/atomic:529:7: error: 'constexpr' does not name a type
       constexpr atomic(__integral_type __i) noexcept : __base_type(__i) { }
       ^
/usr/include/c++/4.8/atomic:529:7: note: C++11 'constexpr' only available with -std=c++11 or -std=gnu++11
/usr/include/c++/4.8/atomic:542:14: error: expected ';' at end of member declaration
       atomic() noexcept= default;
              ^
/usr/include/c++/4.8/atomic:542:16: error: 'noexcept' does not name a type
       atomic() noexcept= default;
                ^
/usr/include/c++/4.8/atomic:543:15: error: expected ';' at end of member declaration
       ~atomic() noexcept = default;
               ^
/usr/include/c++/4.8/atomic:543:17: error: 'noexcept' does not name a type
       ~atomic() noexcept = default;
                 ^
/usr/include/c++/4.8/atomic:548:7: error: 'constexpr' does not name a type
       constexpr atomic(__integral_type __i) noexcept : __base_type(__i) { }
       ^
/usr/include/c++/4.8/atomic:548:7: note: C++11 'constexpr' only available with -std=c++11 or -std=gnu++11
/usr/include/c++/4.8/atomic:561:14: error: expected ';' at end of member declaration
       atomic() noexcept = default;
              ^
/usr/include/c++/4.8/atomic:561:16: error: 'noexcept' does not name a type
       atomic() noexcept = default;
                ^
/usr/include/c++/4.8/atomic:562:15: error: expected ';' at end of member declaration
       ~atomic() noexcept = default;
               ^
/usr/include/c++/4.8/atomic:562:17: error: 'noexcept' does not name a type
       ~atomic() noexcept = default;
                 ^
/usr/include/c++/4.8/atomic:567:7: error: 'constexpr' does not name a type
       constexpr atomic(__integral_type __i) noexcept : __base_type(__i) { }
       ^
/usr/include/c++/4.8/atomic:567:7: note: C++11 'constexpr' only available with -std=c++11 or -std=gnu++11
/usr/include/c++/4.8/atomic:580:14: error: expected ';' at end of member declaration
       atomic() noexcept = default;
              ^
/usr/include/c++/4.8/atomic:580:16: error: 'noexcept' does not name a type
       atomic() noexcept = default;
                ^
/usr/include/c++/4.8/atomic:581:15: error: expected ';' at end of member declaration
       ~atomic() noexcept = default;
               ^
/usr/include/c++/4.8/atomic:581:17: error: 'noexcept' does not name a type
       ~atomic() noexcept = default;
                 ^
/usr/include/c++/4.8/atomic:586:7: error: 'constexpr' does not name a type
       constexpr atomic(__integral_type __i) noexcept : __base_type(__i) { }
       ^
/usr/include/c++/4.8/atomic:586:7: note: C++11 'constexpr' only available with -std=c++11 or -std=gnu++11
/usr/include/c++/4.8/atomic:599:14: error: expected ';' at end of member declaration
       atomic() noexcept = default;
              ^
/usr/include/c++/4.8/atomic:599:16: error: 'noexcept' does not name a type
       atomic() noexcept = default;
                ^
/usr/include/c++/4.8/atomic:600:15: error: expected ';' at end of member declaration
       ~atomic() noexcept = default;
               ^
/usr/include/c++/4.8/atomic:600:17: error: 'noexcept' does not name a type
       ~atomic() noexcept = default;
                 ^
/usr/include/c++/4.8/atomic:605:7: error: 'constexpr' does not name a type
       constexpr atomic(__integral_type __i) noexcept : __base_type(__i) { }
       ^
/usr/include/c++/4.8/atomic:605:7: note: C++11 'constexpr' only available with -std=c++11 or -std=gnu++11
/usr/include/c++/4.8/atomic:618:14: error: expected ';' at end of member declaration
       atomic() noexcept = default;
              ^
/usr/include/c++/4.8/atomic:618:16: error: 'noexcept' does not name a type
       atomic() noexcept = default;
                ^
/usr/include/c++/4.8/atomic:619:15: error: expected ';' at end of member declaration
       ~atomic() noexcept = default;
               ^
/usr/include/c++/4.8/atomic:619:17: error: 'noexcept' does not name a type
       ~atomic() noexcept = default;
                 ^
/usr/include/c++/4.8/atomic:624:7: error: 'constexpr' does not name a type
       constexpr atomic(__integral_type __i) noexcept : __base_type(__i) { }
       ^
/usr/include/c++/4.8/atomic:624:7: note: C++11 'constexpr' only available with -std=c++11 or -std=gnu++11
/usr/include/c++/4.8/atomic:637:14: error: expected ';' at end of member declaration
       atomic() noexcept = default;
              ^
/usr/include/c++/4.8/atomic:637:16: error: 'noexcept' does not name a type
       atomic() noexcept = default;
                ^
/usr/include/c++/4.8/atomic:638:15: error: expected ';' at end of member declaration
       ~atomic() noexcept = default;
               ^
/usr/include/c++/4.8/atomic:638:17: error: 'noexcept' does not name a type
       ~atomic() noexcept = default;
                 ^
/usr/include/c++/4.8/atomic:643:7: error: 'constexpr' does not name a type
       constexpr atomic(__integral_type __i) noexcept : __base_type(__i) { }
       ^
/usr/include/c++/4.8/atomic:643:7: note: C++11 'constexpr' only available with -std=c++11 or -std=gnu++11
/usr/include/c++/4.8/atomic:656:14: error: expected ';' at end of member declaration
       atomic() noexcept = default;
              ^
/usr/include/c++/4.8/atomic:656:16: error: 'noexcept' does not name a type
       atomic() noexcept = default;
                ^
/usr/include/c++/4.8/atomic:657:15: error: expected ';' at end of member declaration
       ~atomic() noexcept = default;
               ^
/usr/include/c++/4.8/atomic:657:17: error: 'noexcept' does not name a type
       ~atomic() noexcept = default;
                 ^
/usr/include/c++/4.8/atomic:662:7: error: 'constexpr' does not name a type
       constexpr atomic(__integral_type __i) noexcept : __base_type(__i) { }
       ^
/usr/include/c++/4.8/atomic:662:7: note: C++11 'constexpr' only available with -std=c++11 or -std=gnu++11
/usr/include/c++/4.8/atomic:675:14: error: expected ';' at end of member declaration
       atomic() noexcept = default;
              ^
/usr/include/c++/4.8/atomic:675:16: error: 'noexcept' does not name a type
       atomic() noexcept = default;
                ^
/usr/include/c++/4.8/atomic:676:15: error: expected ';' at end of member declaration
       ~atomic() noexcept = default;
               ^
/usr/include/c++/4.8/atomic:676:17: error: 'noexcept' does not name a type
       ~atomic() noexcept = default;
                 ^
/usr/include/c++/4.8/atomic:681:7: error: 'constexpr' does not name a type
       constexpr atomic(__integral_type __i) noexcept : __base_type(__i) { }
       ^
/usr/include/c++/4.8/atomic:681:7: note: C++11 'constexpr' only available with -std=c++11 or -std=gnu++11
/usr/include/c++/4.8/atomic:694:14: error: expected ';' at end of member declaration
       atomic() noexcept = default;
              ^
/usr/include/c++/4.8/atomic:694:16: error: 'noexcept' does not name a type
       atomic() noexcept = default;
                ^
/usr/include/c++/4.8/atomic:695:15: error: expected ';' at end of member declaration
       ~atomic() noexcept = default;
               ^
/usr/include/c++/4.8/atomic:695:17: error: 'noexcept' does not name a type
       ~atomic() noexcept = default;
                 ^
/usr/include/c++/4.8/atomic:700:7: error: 'constexpr' does not name a type
       constexpr atomic(__integral_type __i) noexcept : __base_type(__i) { }
       ^
/usr/include/c++/4.8/atomic:700:7: note: C++11 'constexpr' only available with -std=c++11 or -std=gnu++11
/usr/include/c++/4.8/atomic:713:14: error: expected ';' at end of member declaration
       atomic() noexcept = default;
              ^
/usr/include/c++/4.8/atomic:713:16: error: 'noexcept' does not name a type
       atomic() noexcept = default;
                ^
/usr/include/c++/4.8/atomic:714:15: error: expected ';' at end of member declaration
       ~atomic() noexcept = default;
               ^
/usr/include/c++/4.8/atomic:714:17: error: 'noexcept' does not name a type
       ~atomic() noexcept = default;
                 ^
/usr/include/c++/4.8/atomic:719:7: error: 'constexpr' does not name a type
       constexpr atomic(__integral_type __i) noexcept : __base_type(__i) { }
       ^
/usr/include/c++/4.8/atomic:719:7: note: C++11 'constexpr' only available with -std=c++11 or -std=gnu++11
/usr/include/c++/4.8/atomic:727:19: error: 'char16_t' was not declared in this scope
     struct atomic<char16_t> : public atomic_char16_t
                   ^
/usr/include/c++/4.8/atomic:727:27: error: template argument 1 is invalid
     struct atomic<char16_t> : public atomic_char16_t
                           ^
/usr/include/c++/4.8/atomic:728:5: error: expected class-name before '{' token
     {
     ^
/usr/include/c++/4.8/atomic:746:19: error: 'char32_t' was not declared in this scope
     struct atomic<char32_t> : public atomic_char32_t
                   ^
/usr/include/c++/4.8/atomic:746:27: error: template argument 1 is invalid
     struct atomic<char32_t> : public atomic_char32_t
                           ^
/usr/include/c++/4.8/atomic:747:5: error: expected class-name before '{' token
     {
     ^
/usr/include/c++/4.8/atomic:767:27: error: expected initializer before 'noexcept'
         memory_order __m) noexcept
                           ^
/usr/include/c++/4.8/atomic:772:27: error: expected initializer before 'noexcept'
         memory_order __m) noexcept
                           ^
/usr/include/c++/4.8/atomic:776:66: error: expected initializer before 'noexcept'
   atomic_flag_clear_explicit(atomic_flag* __a, memory_order __m) noexcept
                                                                  ^
/usr/include/c++/4.8/atomic:781:27: error: expected initializer before 'noexcept'
         memory_order __m) noexcept
                           ^
/usr/include/c++/4.8/atomic:785:46: error: expected initializer before 'noexcept'
   atomic_flag_test_and_set(atomic_flag* __a) noexcept
                                              ^
/usr/include/c++/4.8/atomic:789:55: error: expected initializer before 'noexcept'
   atomic_flag_test_and_set(volatile atomic_flag* __a) noexcept
                                                       ^
/usr/include/c++/4.8/atomic:793:39: error: expected initializer before 'noexcept'
   atomic_flag_clear(atomic_flag* __a) noexcept
                                       ^
/usr/include/c++/4.8/atomic:797:48: error: expected initializer before 'noexcept'
   atomic_flag_clear(volatile atomic_flag* __a) noexcept
                                                ^
/usr/include/c++/4.8/atomic:804:50: error: expected initializer before 'noexcept'
     atomic_is_lock_free(const atomic<_ITp>* __a) noexcept
                                                  ^
/usr/include/c++/4.8/atomic:809:59: error: expected initializer before 'noexcept'
     atomic_is_lock_free(const volatile atomic<_ITp>* __a) noexcept
                                                           ^
/usr/include/c++/4.8/atomic:814:46: error: expected initializer before 'noexcept'
     atomic_init(atomic<_ITp>* __a, _ITp __i) noexcept;
                                              ^
/usr/include/c++/4.8/atomic:818:55: error: expected initializer before 'noexcept'
     atomic_init(volatile atomic<_ITp>* __a, _ITp __i) noexcept;
                                                       ^
/usr/include/c++/4.8/atomic:823:24: error: expected initializer before 'noexcept'
      memory_order __m) noexcept
                        ^
/usr/include/c++/4.8/atomic:829:24: error: expected initializer before 'noexcept'
      memory_order __m) noexcept
                        ^
/usr/include/c++/4.8/atomic:834:69: error: expected initializer before 'noexcept'
     atomic_load_explicit(const atomic<_ITp>* __a, memory_order __m) noexcept
                                                                     ^
/usr/include/c++/4.8/atomic:840:23: error: expected initializer before 'noexcept'
     memory_order __m) noexcept
                       ^
/usr/include/c++/4.8/atomic:846:27: error: expected initializer before 'noexcept'
         memory_order __m) noexcept
                           ^
/usr/include/c++/4.8/atomic:852:27: error: expected initializer before 'noexcept'
         memory_order __m) noexcept
                           ^
/usr/include/c++/4.8/atomic:860:27: error: expected initializer before 'noexcept'
        memory_order __m2) noexcept
                           ^
/usr/include/c++/4.8/atomic:868:27: error: expected initializer before 'noexcept'
        memory_order __m2) noexcept
                           ^
/usr/include/c++/4.8/atomic:876:29: error: expected initializer before 'noexcept'
          memory_order __m2) noexcept
                             ^
/usr/include/c++/4.8/atomic:884:29: error: expected initializer before 'noexcept'
          memory_order __m2) noexcept
                             ^
/usr/include/c++/4.8/atomic:890:47: error: expected initializer before 'noexcept'
     atomic_store(atomic<_ITp>* __a, _ITp __i) noexcept
                                               ^
/usr/include/c++/4.8/atomic:895:56: error: expected initializer before 'noexcept'
     atomic_store(volatile atomic<_ITp>* __a, _ITp __i) noexcept
                                                        ^
/usr/include/c++/4.8/atomic:900:42: error: expected initializer before 'noexcept'
     atomic_load(const atomic<_ITp>* __a) noexcept
                                          ^
/usr/include/c++/4.8/atomic:905:51: error: expected initializer before 'noexcept'
     atomic_load(const volatile atomic<_ITp>* __a) noexcept
                                                   ^
/usr/include/c++/4.8/atomic:910:50: error: expected initializer before 'noexcept'
     atomic_exchange(atomic<_ITp>* __a, _ITp __i) noexcept
                                                  ^
/usr/include/c++/4.8/atomic:915:59: error: expected initializer before 'noexcept'
     atomic_exchange(volatile atomic<_ITp>* __a, _ITp __i) noexcept
                                                           ^
/usr/include/c++/4.8/atomic:921:29: error: expected initializer before 'noexcept'
      _ITp* __i1, _ITp __i2) noexcept
                             ^
/usr/include/c++/4.8/atomic:931:29: error: expected initializer before 'noexcept'
      _ITp* __i1, _ITp __i2) noexcept
                             ^
/usr/include/c++/4.8/atomic:941:31: error: expected initializer before 'noexcept'
        _ITp* __i1, _ITp __i2) noexcept
                               ^
/usr/include/c++/4.8/atomic:951:31: error: expected initializer before 'noexcept'
        _ITp* __i1, _ITp __i2) noexcept
                               ^
/usr/include/c++/4.8/atomic:965:28: error: expected initializer before 'noexcept'
          memory_order __m) noexcept
                            ^
/usr/include/c++/4.8/atomic:971:28: error: expected initializer before 'noexcept'
          memory_order __m) noexcept
                            ^
/usr/include/c++/4.8/atomic:977:28: error: expected initializer before 'noexcept'
          memory_order __m) noexcept
                            ^
/usr/include/c++/4.8/atomic:983:28: error: expected initializer before 'noexcept'
          memory_order __m) noexcept
                            ^
/usr/include/c++/4.8/atomic:989:28: error: expected initializer before 'noexcept'
          memory_order __m) noexcept
                            ^
/usr/include/c++/4.8/atomic:995:28: error: expected initializer before 'noexcept'
          memory_order __m) noexcept
                            ^
/usr/include/c++/4.8/atomic:1001:27: error: expected initializer before 'noexcept'
         memory_order __m) noexcept
                           ^
/usr/include/c++/4.8/atomic:1007:27: error: expected initializer before 'noexcept'
         memory_order __m) noexcept
                           ^
/usr/include/c++/4.8/atomic:1013:28: error: expected initializer before 'noexcept'
          memory_order __m) noexcept
                            ^
/usr/include/c++/4.8/atomic:1019:28: error: expected initializer before 'noexcept'
          memory_order __m) noexcept
                            ^
/usr/include/c++/4.8/atomic:1024:58: error: expected initializer before 'noexcept'
     atomic_fetch_add(__atomic_base<_ITp>* __a, _ITp __i) noexcept
                                                          ^
/usr/include/c++/4.8/atomic:1029:67: error: expected initializer before 'noexcept'
     atomic_fetch_add(volatile __atomic_base<_ITp>* __a, _ITp __i) noexcept
                                                                   ^
/usr/include/c++/4.8/atomic:1034:58: error: expected initializer before 'noexcept'
     atomic_fetch_sub(__atomic_base<_ITp>* __a, _ITp __i) noexcept
                                                          ^
/usr/include/c++/4.8/atomic:1039:67: error: expected initializer before 'noexcept'
     atomic_fetch_sub(volatile __atomic_base<_ITp>* __a, _ITp __i) noexcept
                                                                   ^
/usr/include/c++/4.8/atomic:1044:58: error: expected initializer before 'noexcept'
     atomic_fetch_and(__atomic_base<_ITp>* __a, _ITp __i) noexcept
                                                          ^
/usr/include/c++/4.8/atomic:1049:67: error: expected initializer before 'noexcept'
     atomic_fetch_and(volatile __atomic_base<_ITp>* __a, _ITp __i) noexcept
                                                                   ^
/usr/include/c++/4.8/atomic:1054:57: error: expected initializer before 'noexcept'
     atomic_fetch_or(__atomic_base<_ITp>* __a, _ITp __i) noexcept
                                                         ^
/usr/include/c++/4.8/atomic:1059:66: error: expected initializer before 'noexcept'
     atomic_fetch_or(volatile __atomic_base<_ITp>* __a, _ITp __i) noexcept
                                                                  ^
/usr/include/c++/4.8/atomic:1064:58: error: expected initializer before 'noexcept'
     atomic_fetch_xor(__atomic_base<_ITp>* __a, _ITp __i) noexcept
                                                          ^
/usr/include/c++/4.8/atomic:1069:67: error: expected initializer before 'noexcept'
     atomic_fetch_xor(volatile __atomic_base<_ITp>* __a, _ITp __i) noexcept
                                                                   ^
/usr/include/c++/4.8/atomic:1077:28: error: expected initializer before 'noexcept'
          memory_order __m) noexcept
                            ^
/usr/include/c++/4.8/atomic:1083:28: error: expected initializer before 'noexcept'
          memory_order __m) noexcept
                            ^
/usr/include/c++/4.8/atomic:1088:66: error: expected initializer before 'noexcept'
     atomic_fetch_add(volatile atomic<_ITp*>* __a, ptrdiff_t __d) noexcept
                                                                  ^
/usr/include/c++/4.8/atomic:1093:57: error: expected initializer before 'noexcept'
     atomic_fetch_add(atomic<_ITp*>* __a, ptrdiff_t __d) noexcept
                                                         ^
/usr/include/c++/4.8/atomic:1099:43: error: expected initializer before 'noexcept'
          ptrdiff_t __d, memory_order __m) noexcept
                                           ^
/usr/include/c++/4.8/atomic:1105:28: error: expected initializer before 'noexcept'
          memory_order __m) noexcept
                            ^
/usr/include/c++/4.8/atomic:1110:66: error: expected initializer before 'noexcept'
     atomic_fetch_sub(volatile atomic<_ITp*>* __a, ptrdiff_t __d) noexcept
                                                                  ^
/usr/include/c++/4.8/atomic:1115:57: error: expected initializer before 'noexcept'
     atomic_fetch_sub(atomic<_ITp*>* __a, ptrdiff_t __d) noexcept
                                                         ^
conftest.cpp:44:15: error: 'int64_t' is not a member of 'std'
   std::atomic<std::int64_t> v;
               ^
conftest.cpp:44:15: note: suggested alternative:
In file included from /usr/lib/gcc/x86_64-linux-gnu/4.8/include/stdint.h:9:0,
                 from /usr/include/c++/4.8/bits/atomic_base.h:37,
                 from /usr/include/c++/4.8/atomic:41,
                 from conftest.cpp:42:
/usr/include/stdint.h:40:19: note:   'int64_t'
 typedef long int  int64_t;
                   ^
conftest.cpp:44:15: error: 'int64_t' is not a member of 'std'
   std::atomic<std::int64_t> v;
               ^
conftest.cpp:44:15: note: suggested alternative:
In file included from /usr/lib/gcc/x86_64-linux-gnu/4.8/include/stdint.h:9:0,
                 from /usr/include/c++/4.8/bits/atomic_base.h:37,
                 from /usr/include/c++/4.8/atomic:41,
                 from conftest.cpp:42:
/usr/include/stdint.h:40:19: note:   'int64_t'
 typedef long int  int64_t;
                   ^
conftest.cpp:44:27: error: template argument 1 is invalid
   std::atomic<std::int64_t> v;
                           ^
conftest.cpp:44:30: error: invalid type in declaration before ';' token
   std::atomic<std::int64_t> v;
                              ^
configure:18501: $? = 1
configure: failed program was:
| /* confdefs.h */
| #define PACKAGE_NAME "Protocol Buffers"
| #define PACKAGE_TARNAME "protobuf"
| #define PACKAGE_VERSION "3.6.1"
| #define PACKAGE_STRING "Protocol Buffers 3.6.1"
| #define PACKAGE_BUGREPORT "protobuf@googlegroups.com"
| #define PACKAGE_URL ""
| #define PACKAGE "protobuf"
| #define VERSION "3.6.1"
| #define STDC_HEADERS 1
| #define HAVE_SYS_TYPES_H 1
| #define HAVE_SYS_STAT_H 1
| #define HAVE_STDLIB_H 1
| #define HAVE_STRING_H 1
| #define HAVE_MEMORY_H 1
| #define HAVE_STRINGS_H 1
| #define HAVE_INTTYPES_H 1
| #define HAVE_STDINT_H 1
| #define HAVE_UNISTD_H 1
| #define __EXTENSIONS__ 1
| #define _ALL_SOURCE 1
| #define _GNU_SOURCE 1
| #define _POSIX_PTHREAD_SEMANTICS 1
| #define _TANDEM_SOURCE 1
| #define HAVE_DLFCN_H 1
| #define LT_OBJDIR ".libs/"
| #define STDC_HEADERS 1
| #define HAVE_FCNTL_H 1
| #define HAVE_INTTYPES_H 1
| #define HAVE_LIMITS_H 1
| #define HAVE_STDLIB_H 1
| #define HAVE_UNISTD_H 1
| #define HAVE_FTRUNCATE 1
| #define HAVE_MEMSET 1
| #define HAVE_MKDIR 1
| #define HAVE_STRCHR 1
| #define HAVE_STRERROR 1
| #define HAVE_STRTOL 1
| #define HAVE_ZLIB 1
| /* end confdefs.h.  */
| 
|   #include <atomic>
|   #include <cstdint>
|   std::atomic<std::int64_t> v;
|   int main() {
|     return v;
|   }
| 
configure:18508: result: yes
configure:18731: checking whether gcc is Clang
configure:18756: result: no
configure:18879: checking whether pthreads work with -pthread
configure:18973: gcc -o conftest  -pthread   conftest.c  -lz  >&5
configure:18973: $? = 0
configure:18982: result: yes
configure:19001: checking for joinable pthread attribute
configure:19019: gcc -o conftest  -pthread   conftest.c  -lz  >&5
configure:19019: $? = 0
configure:19027: result: PTHREAD_CREATE_JOINABLE
configure:19041: checking whether more special flags are required for pthreads
configure:19054: result: no
configure:19062: checking for PTHREAD_PRIO_INHERIT
configure:19078: gcc -o conftest  -pthread   conftest.c  -lz  >&5
configure:19078: $? = 0
configure:19087: result: yes
configure:19199: checking the location of hash_map
configure:19225: g++ -c -fPIC  conftest.cpp >&5
configure:19225: $? = 0
configure:19247: g++ -c -fPIC  conftest.cpp >&5
In file included from /usr/include/c++/4.8/unordered_map:35:0,
                 from conftest.cpp:43:
/usr/include/c++/4.8/bits/c++0x_warning.h:32:2: error: #error This file requires compiler and library support for the ISO C++ 2011 standard. This support is currently experimental, and must be enabled with the -std=c++11 or -std=gnu++11 compiler options.
 #error This file requires compiler and library support for the \
  ^
conftest.cpp: In function 'int main()':
conftest.cpp:47:7: error: 'unordered_map' in namespace 'std' does not name a type
 const std::unordered_map<int, int> t;
       ^
conftest.cpp:48:33: error: 't' was not declared in this scope
                          return t.find(5) == t.end();
                                 ^
configure:19247: $? = 1
configure: failed program was:
| /* confdefs.h */
| #define PACKAGE_NAME "Protocol Buffers"
| #define PACKAGE_TARNAME "protobuf"
| #define PACKAGE_VERSION "3.6.1"
| #define PACKAGE_STRING "Protocol Buffers 3.6.1"
| #define PACKAGE_BUGREPORT "protobuf@googlegroups.com"
| #define PACKAGE_URL ""
| #define PACKAGE "protobuf"
| #define VERSION "3.6.1"
| #define STDC_HEADERS 1
| #define HAVE_SYS_TYPES_H 1
| #define HAVE_SYS_STAT_H 1
| #define HAVE_STDLIB_H 1
| #define HAVE_STRING_H 1
| #define HAVE_MEMORY_H 1
| #define HAVE_STRINGS_H 1
| #define HAVE_INTTYPES_H 1
| #define HAVE_STDINT_H 1
| #define HAVE_UNISTD_H 1
| #define __EXTENSIONS__ 1
| #define _ALL_SOURCE 1
| #define _GNU_SOURCE 1
| #define _POSIX_PTHREAD_SEMANTICS 1
| #define _TANDEM_SOURCE 1
| #define HAVE_DLFCN_H 1
| #define LT_OBJDIR ".libs/"
| #define STDC_HEADERS 1
| #define HAVE_FCNTL_H 1
| #define HAVE_INTTYPES_H 1
| #define HAVE_LIMITS_H 1
| #define HAVE_STDLIB_H 1
| #define HAVE_UNISTD_H 1
| #define HAVE_FTRUNCATE 1
| #define HAVE_MEMSET 1
| #define HAVE_MKDIR 1
| #define HAVE_STRCHR 1
| #define HAVE_STRERROR 1
| #define HAVE_STRTOL 1
| #define HAVE_ZLIB 1
| #define HAVE_PTHREAD_PRIO_INHERIT 1
| #define HAVE_PTHREAD 1
| /* end confdefs.h.  */
| #include <unordered_map>
| int
| main ()
| {
| const std::unordered_map<int, int> t;
|                          return t.find(5) == t.end();
|   ;
|   return 0;
| }
configure:19247: g++ -c -fPIC  conftest.cpp >&5
In file included from /usr/include/c++/4.8/unordered_map:35:0,
                 from conftest.cpp:43:
/usr/include/c++/4.8/bits/c++0x_warning.h:32:2: error: #error This file requires compiler and library support for the ISO C++ 2011 standard. This support is currently experimental, and must be enabled with the -std=c++11 or -std=gnu++11 compiler options.
 #error This file requires compiler and library support for the \
  ^
conftest.cpp: In function 'int main()':
conftest.cpp:47:7: error: 'tr1' in namespace 'std' does not name a type
 const std::tr1::unordered_map<int, int> t;
       ^
conftest.cpp:48:33: error: 't' was not declared in this scope
                          return t.find(5) == t.end();
                                 ^
configure:19247: $? = 1
configure: failed program was:
| /* confdefs.h */
| #define PACKAGE_NAME "Protocol Buffers"
| #define PACKAGE_TARNAME "protobuf"
| #define PACKAGE_VERSION "3.6.1"
| #define PACKAGE_STRING "Protocol Buffers 3.6.1"
| #define PACKAGE_BUGREPORT "protobuf@googlegroups.com"
| #define PACKAGE_URL ""
| #define PACKAGE "protobuf"
| #define VERSION "3.6.1"
| #define STDC_HEADERS 1
| #define HAVE_SYS_TYPES_H 1
| #define HAVE_SYS_STAT_H 1
| #define HAVE_STDLIB_H 1
| #define HAVE_STRING_H 1
| #define HAVE_MEMORY_H 1
| #define HAVE_STRINGS_H 1
| #define HAVE_INTTYPES_H 1
| #define HAVE_STDINT_H 1
| #define HAVE_UNISTD_H 1
| #define __EXTENSIONS__ 1
| #define _ALL_SOURCE 1
| #define _GNU_SOURCE 1
| #define _POSIX_PTHREAD_SEMANTICS 1
| #define _TANDEM_SOURCE 1
| #define HAVE_DLFCN_H 1
| #define LT_OBJDIR ".libs/"
| #define STDC_HEADERS 1
| #define HAVE_FCNTL_H 1
| #define HAVE_INTTYPES_H 1
| #define HAVE_LIMITS_H 1
| #define HAVE_STDLIB_H 1
| #define HAVE_UNISTD_H 1
| #define HAVE_FTRUNCATE 1
| #define HAVE_MEMSET 1
| #define HAVE_MKDIR 1
| #define HAVE_STRCHR 1
| #define HAVE_STRERROR 1
| #define HAVE_STRTOL 1
| #define HAVE_ZLIB 1
| #define HAVE_PTHREAD_PRIO_INHERIT 1
| #define HAVE_PTHREAD 1
| /* end confdefs.h.  */
| #include <unordered_map>
| int
| main ()
| {
| const std::tr1::unordered_map<int, int> t;
|                          return t.find(5) == t.end();
|   ;
|   return 0;
| }
configure:19247: g++ -c -fPIC  conftest.cpp >&5
conftest.cpp: In function 'int main()':
conftest.cpp:47:7: error: 'unordered_map' in namespace 'std' does not name a type
 const std::unordered_map<int, int> t;
       ^
conftest.cpp:48:33: error: 't' was not declared in this scope
                          return t.find(5) == t.end();
                                 ^
configure:19247: $? = 1
configure: failed program was:
| /* confdefs.h */
| #define PACKAGE_NAME "Protocol Buffers"
| #define PACKAGE_TARNAME "protobuf"
| #define PACKAGE_VERSION "3.6.1"
| #define PACKAGE_STRING "Protocol Buffers 3.6.1"
| #define PACKAGE_BUGREPORT "protobuf@googlegroups.com"
| #define PACKAGE_URL ""
| #define PACKAGE "protobuf"
| #define VERSION "3.6.1"
| #define STDC_HEADERS 1
| #define HAVE_SYS_TYPES_H 1
| #define HAVE_SYS_STAT_H 1
| #define HAVE_STDLIB_H 1
| #define HAVE_STRING_H 1
| #define HAVE_MEMORY_H 1
| #define HAVE_STRINGS_H 1
| #define HAVE_INTTYPES_H 1
| #define HAVE_STDINT_H 1
| #define HAVE_UNISTD_H 1
| #define __EXTENSIONS__ 1
| #define _ALL_SOURCE 1
| #define _GNU_SOURCE 1
| #define _POSIX_PTHREAD_SEMANTICS 1
| #define _TANDEM_SOURCE 1
| #define HAVE_DLFCN_H 1
| #define LT_OBJDIR ".libs/"
| #define STDC_HEADERS 1
| #define HAVE_FCNTL_H 1
| #define HAVE_INTTYPES_H 1
| #define HAVE_LIMITS_H 1
| #define HAVE_STDLIB_H 1
| #define HAVE_UNISTD_H 1
| #define HAVE_FTRUNCATE 1
| #define HAVE_MEMSET 1
| #define HAVE_MKDIR 1
| #define HAVE_STRCHR 1
| #define HAVE_STRERROR 1
| #define HAVE_STRTOL 1
| #define HAVE_ZLIB 1
| #define HAVE_PTHREAD_PRIO_INHERIT 1
| #define HAVE_PTHREAD 1
| /* end confdefs.h.  */
| #include <tr1/unordered_map>
| int
| main ()
| {
| const std::unordered_map<int, int> t;
|                          return t.find(5) == t.end();
|   ;
|   return 0;
| }
configure:19247: g++ -c -fPIC  conftest.cpp >&5
configure:19247: $? = 0
configure:19314: result: <tr1/unordered_map>
configure:19329: checking for library containing sched_yield
configure:19360: g++ -o conftest -fPIC   conftest.cpp -lz  >&5
configure:19360: $? = 0
configure:19377: result: none required
configure:19416: checking whether g++ supports C++11 features by default
configure:19729: g++ -c -fPIC  conftest.cpp >&5
conftest.cpp:61:2: error: #error "This is not a C++11 compiler"
 #error "This is not a C++11 compiler"
  ^
configure:19729: $? = 1
configure: failed program was:
| /* confdefs.h */
| #define PACKAGE_NAME "Protocol Buffers"
| #define PACKAGE_TARNAME "protobuf"
| #define PACKAGE_VERSION "3.6.1"
| #define PACKAGE_STRING "Protocol Buffers 3.6.1"
| #define PACKAGE_BUGREPORT "protobuf@googlegroups.com"
| #define PACKAGE_URL ""
| #define PACKAGE "protobuf"
| #define VERSION "3.6.1"
| #define STDC_HEADERS 1
| #define HAVE_SYS_TYPES_H 1
| #define HAVE_SYS_STAT_H 1
| #define HAVE_STDLIB_H 1
| #define HAVE_STRING_H 1
| #define HAVE_MEMORY_H 1
| #define HAVE_STRINGS_H 1
| #define HAVE_INTTYPES_H 1
| #define HAVE_STDINT_H 1
| #define HAVE_UNISTD_H 1
| #define __EXTENSIONS__ 1
| #define _ALL_SOURCE 1
| #define _GNU_SOURCE 1
| #define _POSIX_PTHREAD_SEMANTICS 1
| #define _TANDEM_SOURCE 1
| #define HAVE_DLFCN_H 1
| #define LT_OBJDIR ".libs/"
| #define STDC_HEADERS 1
| #define HAVE_FCNTL_H 1
| #define HAVE_INTTYPES_H 1
| #define HAVE_LIMITS_H 1
| #define HAVE_STDLIB_H 1
| #define HAVE_UNISTD_H 1
| #define HAVE_FTRUNCATE 1
| #define HAVE_MEMSET 1
| #define HAVE_MKDIR 1
| #define HAVE_STRCHR 1
| #define HAVE_STRERROR 1
| #define HAVE_STRTOL 1
| #define HAVE_ZLIB 1
| #define HAVE_PTHREAD_PRIO_INHERIT 1
| #define HAVE_PTHREAD 1
| #define HAVE_HASH_MAP 1
| #define HAVE_HASH_SET 1
| #define HASH_MAP_H <tr1/unordered_map>
| #define HASH_SET_H <tr1/unordered_set>
| #define HASH_NAMESPACE std::tr1
| #define HASH_MAP_CLASS unordered_map
| #define HASH_SET_CLASS unordered_set
| /* end confdefs.h.  */
| 
| 
| // If the compiler admits that it is not ready for C++11, why torture it?
| // Hopefully, this will speed up the test.
| 
| #ifndef __cplusplus
| 
| #error "This is not a C++ compiler"
| 
| #elif __cplusplus < 201103L
| 
| #error "This is not a C++11 compiler"
| 
| #else
| 
| #include <utility>
| 
| namespace cxx11
| {
| 
|   namespace test_static_assert
|   {
| 
|     template <typename T>
|     struct check
|     {
|       static_assert(sizeof(int) <= sizeof(T), "not big enough");
|     };
| 
|   }
| 
|   namespace test_final_override
|   {
| 
|     struct Base
|     {
|       virtual void f() {}
|     };
| 
|     struct Derived : public Base
|     {
|       virtual void f() override {}
|     };
| 
|   }
| 
|   namespace test_double_right_angle_brackets
|   {
| 
|     template < typename T >
|     struct check {};
| 
|     typedef check<void> single_type;
|     typedef check<check<void>> double_type;
|     typedef check<check<check<void>>> triple_type;
|     typedef check<check<check<check<void>>>> quadruple_type;
| 
|   }
| 
|   namespace test_decltype
|   {
| 
|     int
|     f()
|     {
|       int a = 1;
|       decltype(a) b = 2;
|       return a + b;
|     }
| 
|   }
| 
|   namespace test_type_deduction
|   {
| 
|     template < typename T1, typename T2 >
|     struct is_same
|     {
|       static const bool value = false;
|     };
| 
|     template < typename T >
|     struct is_same<T, T>
|     {
|       static const bool value = true;
|     };
| 
|     template < typename T1, typename T2 >
|     auto
|     add(T1 a1, T2 a2) -> decltype(a1 + a2)
|     {
|       return a1 + a2;
|     }
| 
|     int
|     test(const int c, volatile int v)
|     {
|       static_assert(is_same<int, decltype(0)>::value == true, "");
|       static_assert(is_same<int, decltype(c)>::value == false, "");
|       static_assert(is_same<int, decltype(v)>::value == false, "");
|       auto ac = c;
|       auto av = v;
|       auto sumi = ac + av + 'x';
|       auto sumf = ac + av + 1.0;
|       static_assert(is_same<int, decltype(ac)>::value == true, "");
|       static_assert(is_same<int, decltype(av)>::value == true, "");
|       static_assert(is_same<int, decltype(sumi)>::value == true, "");
|       static_assert(is_same<int, decltype(sumf)>::value == false, "");
|       static_assert(is_same<int, decltype(add(c, v))>::value == true, "");
|       return (sumf > 0.0) ? sumi : add(c, v);
|     }
| 
|   }
| 
|   namespace test_noexcept
|   {
| 
|     int f() { return 0; }
|     int g() noexcept { return 0; }
| 
|     static_assert(noexcept(f()) == false, "");
|     static_assert(noexcept(g()) == true, "");
| 
|   }
| 
|   namespace test_constexpr
|   {
| 
|     template < typename CharT >
|     unsigned long constexpr
|     strlen_c_r(const CharT *const s, const unsigned long acc) noexcept
|     {
|       return *s ? strlen_c_r(s + 1, acc + 1) : acc;
|     }
| 
|     template < typename CharT >
|     unsigned long constexpr
|     strlen_c(const CharT *const s) noexcept
|     {
|       return strlen_c_r(s, 0UL);
|     }
| 
|     static_assert(strlen_c("") == 0UL, "");
|     static_assert(strlen_c("1") == 1UL, "");
|     static_assert(strlen_c("example") == 7UL, "");
|     static_assert(strlen_c("another\0example") == 7UL, "");
| 
|   }
| 
|   namespace test_rvalue_references
|   {
| 
|     template < int N >
|     struct answer
|     {
|       static constexpr int value = N;
|     };
| 
|     answer<1> f(int&)       { return answer<1>(); }
|     answer<2> f(const int&) { return answer<2>(); }
|     answer<3> f(int&&)      { return answer<3>(); }
| 
|     void
|     test()
|     {
|       int i = 0;
|       const int c = 0;
|       static_assert(decltype(f(i))::value == 1, "");
|       static_assert(decltype(f(c))::value == 2, "");
|       static_assert(decltype(f(0))::value == 3, "");
|     }
| 
|   }
| 
|   namespace test_uniform_initialization
|   {
| 
|     struct test
|     {
|       static const int zero {};
|       static const int one {1};
|     };
| 
|     static_assert(test::zero == 0, "");
|     static_assert(test::one == 1, "");
| 
|   }
| 
|   namespace test_lambdas
|   {
| 
|     void
|     test1()
|     {
|       auto lambda1 = [](){};
|       auto lambda2 = lambda1;
|       lambda1();
|       lambda2();
|     }
| 
|     int
|     test2()
|     {
|       auto a = [](int i, int j){ return i + j; }(1, 2);
|       auto b = []() -> int { return '0'; }();
|       auto c = [=](){ return a + b; }();
|       auto d = [&](){ return c; }();
|       auto e = [a, &b](int x) mutable {
|         const auto identity = [](int y){ return y; };
|         for (auto i = 0; i < a; ++i)
|           a += b--;
|         return x + identity(a + b);
|       }(0);
|       return a + b + c + d + e;
|     }
| 
|     int
|     test3()
|     {
|       const auto nullary = [](){ return 0; };
|       const auto unary = [](int x){ return x; };
|       using nullary_t = decltype(nullary);
|       using unary_t = decltype(unary);
|       const auto higher1st = [](nullary_t f){ return f(); };
|       const auto higher2nd = [unary](nullary_t f1){
|         return [unary, f1](unary_t f2){ return f2(unary(f1())); };
|       };
|       return higher1st(nullary) + higher2nd(nullary)(unary);
|     }
| 
|   }
| 
|   namespace test_variadic_templates
|   {
| 
|     template <int...>
|     struct sum;
| 
|     template <int N0, int... N1toN>
|     struct sum<N0, N1toN...>
|     {
|       static constexpr auto value = N0 + sum<N1toN...>::value;
|     };
| 
|     template <>
|     struct sum<>
|     {
|       static constexpr auto value = 0;
|     };
| 
|     static_assert(sum<>::value == 0, "");
|     static_assert(sum<1>::value == 1, "");
|     static_assert(sum<23>::value == 23, "");
|     static_assert(sum<1, 2>::value == 3, "");
|     static_assert(sum<5, 5, 11>::value == 21, "");
|     static_assert(sum<2, 3, 5, 7, 11, 13>::value == 41, "");
| 
|   }
| 
|   // http://stackoverflow.com/questions/13728184/template-aliases-and-sfinae
|   // Clang 3.1 fails with headers of libstd++ 4.8.3 when using std::function
|   // because of this.
|   namespace test_template_alias_sfinae
|   {
| 
|     struct foo {};
| 
|     template<typename T>
|     using member = typename T::member_type;
| 
|     template<typename T>
|     void func(...) {}
| 
|     template<typename T>
|     void func(member<T>*) {}
| 
|     void test();
| 
|     void test() { func<foo>(0); }
| 
|   }
| 
|   namespace test_std_move_and_forward
|   {
|     struct message {};
|     char foo(message&) { return '\0'; }
|     int foo(message&&) { return 0; }
| 
|     template<typename Arg, typename RT>
|     void check(Arg&& arg, RT rt) {
|       static_assert(sizeof(rt) == sizeof(foo(std::forward<Arg>(arg))), "");
|     }
|     void test() {
|       message a;
|       check(a, char());
|       check(std::move(a), int());
|     }
|   }
| 
| }  // namespace cxx11
| 
| #endif  // __cplusplus >= 201103L
| 
| 
| 
configure:19736: result: no
configure:19748: checking whether g++ supports C++11 features with -std=c++11
configure:20063: g++ -std=c++11 -c -fPIC  conftest.cpp >&5
configure:20063: $? = 0
configure:20072: result: yes
configure:20238: checking that generated files are newer than configure
configure:20244: result: done
configure:20307: creating ./config.status

## ---------------------- ##
## Running config.status. ##
## ---------------------- ##

This file was extended by Protocol Buffers config.status 3.6.1, which was
generated by GNU Autoconf 2.69.  Invocation command line was

  CONFIG_FILES    = 
  CONFIG_HEADERS  = 
  CONFIG_LINKS    = 
  CONFIG_COMMANDS = 
  $ ./config.status 

on long-Lenovo-G40-70m

config.status:1226: creating Makefile
config.status:1226: creating src/Makefile
config.status:1226: creating benchmarks/Makefile
config.status:1226: creating conformance/Makefile
config.status:1226: creating protobuf.pc
config.status:1226: creating protobuf-lite.pc
config.status:1226: creating config.h
config.status:1455: executing depfiles commands
config.status:1455: executing libtool commands
configure:22867: === configuring in third_party/googletest (/home/long/desktop/phxrpcsvr/third_part/phxrpc/third_part/protobuf/third_party/googletest)
configure:22916: WARNING: no configuration information is in third_party/googletest

## ---------------- ##
## Cache variables. ##
## ---------------- ##

ac_cv_build=x86_64-unknown-linux-gnu
ac_cv_build_prog_CPP='gcc -E'
ac_cv_build_prog_CXXCPP='g++ -E'
ac_cv_build_prog_cc_g=yes
ac_cv_build_prog_cxx_g=yes
ac_cv_c_compiler_gnu=yes
ac_cv_cxx_compiler_gnu=yes
ac_cv_cxx_hash_map='<tr1/unordered_map>'
ac_cv_cxx_hash_map_class=unordered_map
ac_cv_cxx_hash_namespace=std::tr1
ac_cv_cxx_hash_set='<tr1/unordered_set>'
ac_cv_cxx_hash_set_class=unordered_set
ac_cv_env_CCC_set=
ac_cv_env_CCC_value=
ac_cv_env_CC_set=
ac_cv_env_CC_value=
ac_cv_env_CFLAGS_set=
ac_cv_env_CFLAGS_value=
ac_cv_env_CPPFLAGS_set=
ac_cv_env_CPPFLAGS_value=
ac_cv_env_CPP_set=
ac_cv_env_CPP_value=
ac_cv_env_CXXCPP_set=
ac_cv_env_CXXCPP_value=
ac_cv_env_CXXFLAGS_set=set
ac_cv_env_CXXFLAGS_value=-fPIC
ac_cv_env_CXX_set=
ac_cv_env_CXX_value=
ac_cv_env_DIST_LANG_set=
ac_cv_env_DIST_LANG_value=
ac_cv_env_LDFLAGS_set=
ac_cv_env_LDFLAGS_value=
ac_cv_env_LIBS_set=
ac_cv_env_LIBS_value=
ac_cv_env_OBJCFLAGS_set=
ac_cv_env_OBJCFLAGS_value=
ac_cv_env_OBJC_set=
ac_cv_env_OBJC_value=
ac_cv_env_build_alias_set=
ac_cv_env_build_alias_value=
ac_cv_env_host_alias_set=
ac_cv_env_host_alias_value=
ac_cv_env_target_alias_set=
ac_cv_env_target_alias_value=
ac_cv_func_ftruncate=yes
ac_cv_func_memcmp_working=yes
ac_cv_func_memset=yes
ac_cv_func_mkdir=yes
ac_cv_func_strchr=yes
ac_cv_func_strerror=yes
ac_cv_func_strtod=yes
ac_cv_func_strtol=yes
ac_cv_have_decl___SUNPRO_CC=no
ac_cv_header_dlfcn_h=yes
ac_cv_header_fcntl_h=yes
ac_cv_header_inttypes_h=yes
ac_cv_header_limits_h=yes
ac_cv_header_memory_h=yes
ac_cv_header_minix_config_h=no
ac_cv_header_stdc=yes
ac_cv_header_stdint_h=yes
ac_cv_header_stdlib_h=yes
ac_cv_header_string_h=yes
ac_cv_header_strings_h=yes
ac_cv_header_sys_stat_h=yes
ac_cv_header_sys_types_h=yes
ac_cv_header_unistd_h=yes
ac_cv_host=x86_64-unknown-linux-gnu
ac_cv_objc_compiler_gnu=no
ac_cv_objext=o
ac_cv_path_EGREP='/bin/grep -E'
ac_cv_path_FGREP='/bin/grep -F'
ac_cv_path_GREP=/bin/grep
ac_cv_path_SED=/bin/sed
ac_cv_path_install='/usr/bin/install -c'
ac_cv_path_mkdir=/bin/mkdir
ac_cv_prog_AWK=gawk
ac_cv_prog_CPP='gcc -E'
ac_cv_prog_CXXCPP='g++ -E'
ac_cv_prog_ac_ct_AR=ar
ac_cv_prog_ac_ct_CC=gcc
ac_cv_prog_ac_ct_CC_FOR_BUILD=gcc
ac_cv_prog_ac_ct_CXX=g++
ac_cv_prog_ac_ct_CXX_FOR_BUILD=g++
ac_cv_prog_ac_ct_MANIFEST_TOOL=mt
ac_cv_prog_ac_ct_OBJC=gcc
ac_cv_prog_ac_ct_OBJDUMP=objdump
ac_cv_prog_ac_ct_RANLIB=ranlib
ac_cv_prog_ac_ct_STRIP=strip
ac_cv_prog_cc_c89=
ac_cv_prog_cc_g=yes
ac_cv_prog_cxx_g=yes
ac_cv_prog_make_make_set=yes
ac_cv_prog_objc_g=no
ac_cv_safe_to_define___extensions__=yes
ac_cv_search_sched_yield='none required'
ac_cv_search_zlibVersion=-lz
ac_cv_target=x86_64-unknown-linux-gnu
am_cv_CC_dependencies_compiler_type=gcc3
am_cv_CXX_dependencies_compiler_type=gcc3
am_cv_OBJC_dependencies_compiler_type=gcc3
am_cv_ar_interface=ar
am_cv_make_support_nested_variables=yes
am_cv_prog_cc_c_o=yes
am_cv_prog_tar_ustar=gnutar
ax_cv_PTHREAD_CLANG=no
ax_cv_PTHREAD_JOINABLE_ATTR=PTHREAD_CREATE_JOINABLE
ax_cv_PTHREAD_PRIO_INHERIT=yes
ax_cv_PTHREAD_SPECIAL_FLAGS=no
ax_cv_cxx_compile_cxx11=no
ax_cv_cxx_compile_cxx11__std_cpp11=yes
lt_cv_ar_at_file=@
lt_cv_archive_cmds_need_lc=no
lt_cv_deplibs_check_method=pass_all
lt_cv_file_magic_cmd='$MAGIC_CMD'
lt_cv_file_magic_test_file=
lt_cv_ld_reload_flag=-r
lt_cv_nm_interface='BSD nm'
lt_cv_objdir=.libs
lt_cv_path_LD=/usr/bin/ld
lt_cv_path_LDCXX='/usr/bin/ld -m elf_x86_64'
lt_cv_path_NM='/usr/bin/nm -B'
lt_cv_path_mainfest_tool=no
lt_cv_prog_compiler_c_o=yes
lt_cv_prog_compiler_c_o_CXX=yes
lt_cv_prog_compiler_pic='-fPIC -DPIC'
lt_cv_prog_compiler_pic_CXX='-fPIC -DPIC'
lt_cv_prog_compiler_pic_works=yes
lt_cv_prog_compiler_pic_works_CXX=yes
lt_cv_prog_compiler_rtti_exceptions=no
lt_cv_prog_compiler_static_works=yes
lt_cv_prog_compiler_static_works_CXX=yes
lt_cv_prog_gnu_ld=yes
lt_cv_prog_gnu_ldcxx=yes
lt_cv_sharedlib_from_linklib_cmd='printf %s\n'
lt_cv_shlibpath_overrides_runpath=no
lt_cv_sys_global_symbol_pipe='sed -n -e '\''s/^.*[	 ]\([ABCDGIRSTW][ABCDGIRSTW]*\)[	 ][	 ]*\([_A-Za-z][_A-Za-z0-9]*\)$/\1 \2 \2/p'\'' | sed '\''/ __gnu_lto/d'\'''
lt_cv_sys_global_symbol_to_c_name_address='sed -n -e '\''s/^: \([^ ]*\)[ ]*$/  {\"\1\", (void *) 0},/p'\'' -e '\''s/^[ABCDGIRSTW]* \([^ ]*\) \([^ ]*\)$/  {"\2", (void *) \&\2},/p'\'''
lt_cv_sys_global_symbol_to_c_name_address_lib_prefix='sed -n -e '\''s/^: \([^ ]*\)[ ]*$/  {\"\1\", (void *) 0},/p'\'' -e '\''s/^[ABCDGIRSTW]* \([^ ]*\) \(lib[^ ]*\)$/  {"\2", (void *) \&\2},/p'\'' -e '\''s/^[ABCDGIRSTW]* \([^ ]*\) \([^ ]*\)$/  {"lib\2", (void *) \&\2},/p'\'''
lt_cv_sys_global_symbol_to_cdecl='sed -n -e '\''s/^T .* \(.*\)$/extern int \1();/p'\'' -e '\''s/^[ABCDGIRSTW]* .* \(.*\)$/extern char \1;/p'\'''
lt_cv_sys_max_cmd_len=1572864
lt_cv_to_host_file_cmd=func_convert_file_noop
lt_cv_to_tool_file_cmd=func_convert_file_noop

## ----------------- ##
## Output variables. ##
## ----------------- ##

ACLOCAL='${SHELL} /home/long/desktop/phxrpcsvr/third_part/phxrpc/third_part/protobuf/missing aclocal-1.14'
AMDEPBACKSLASH='\'
AMDEP_FALSE='#'
AMDEP_TRUE=''
AMTAR='$${TAR-tar}'
AM_BACKSLASH='\'
AM_DEFAULT_V='$(AM_DEFAULT_VERBOSITY)'
AM_DEFAULT_VERBOSITY='1'
AM_V='$(V)'
AR='ar'
AUTOCONF='${SHELL} /home/long/desktop/phxrpcsvr/third_part/phxrpc/third_part/protobuf/missing autoconf'
AUTOHEADER='${SHELL} /home/long/desktop/phxrpcsvr/third_part/phxrpc/third_part/protobuf/missing autoheader'
AUTOMAKE='${SHELL} /home/long/desktop/phxrpcsvr/third_part/phxrpc/third_part/protobuf/missing automake-1.14'
AWK='gawk'
BUILD_EXEEXT=''
BUILD_OBJEXT=''
CC='gcc'
CCDEPMODE='depmode=gcc3'
CC_FOR_BUILD='gcc'
CFLAGS=''
CFLAGS_FOR_BUILD='-g -O2'
CPP='gcc -E'
CPPFLAGS=''
CPPFLAGS_FOR_BUILD=''
CPP_FOR_BUILD='gcc -E'
CXX='g++ -std=c++11'
CXXCPP='g++ -E -std=c++11'
CXXCPPFLAGS_FOR_BUILD=''
CXXCPP_FOR_BUILD='g++ -E'
CXXDEPMODE='depmode=gcc3'
CXXFLAGS='-fPIC'
CXXFLAGS_FOR_BUILD='-g -O2'
CXX_FOR_BUILD='g++'
CYGPATH_W='echo'
DEFS='-DHAVE_CONFIG_H'
DEPDIR='.deps'
DIST_LANG='all'
DLLTOOL='false'
DSYMUTIL=''
DUMPBIN=''
ECHO_C=''
ECHO_N='-n'
ECHO_T=''
EGREP='/bin/grep -E'
EXEEXT=''
FGREP='/bin/grep -F'
GCC_FALSE='#'
GCC_TRUE=''
GREP='/bin/grep'
HAVE_CXX11='1'
HAVE_LD_VERSION_SCRIPT_FALSE='#'
HAVE_LD_VERSION_SCRIPT_TRUE=''
HAVE_PTHREAD_FALSE='#'
HAVE_PTHREAD_TRUE=''
HAVE_ZLIB_FALSE='#'
HAVE_ZLIB_TRUE=''
INSTALL_DATA='${INSTALL} -m 644'
INSTALL_PROGRAM='${INSTALL}'
INSTALL_SCRIPT='${INSTALL}'
INSTALL_STRIP_PROGRAM='$(install_sh) -c -s'
ISAINFO=''
LD='/usr/bin/ld -m elf_x86_64'
LDFLAGS=''
LDFLAGS_FOR_BUILD=''
LIBATOMIC_LIBS='-latomic'
LIBOBJS=''
LIBS='-lz '
LIBTOOL='$(SHELL) $(top_builddir)/libtool'
LIPO=''
LN_S='ln -s'
LTLIBOBJS=''
MAINT=''
MAINTAINER_MODE_FALSE='#'
MAINTAINER_MODE_TRUE=''
MAKEINFO='${SHELL} /home/long/desktop/phxrpcsvr/third_part/phxrpc/third_part/protobuf/missing makeinfo'
MANIFEST_TOOL=':'
MKDIR_P='/bin/mkdir -p'
NM='/usr/bin/nm -B'
NMEDIT=''
OBJC='gcc'
OBJCDEPMODE='depmode=gcc3'
OBJCFLAGS=''
OBJC_CONFORMANCE_TEST_FALSE=''
OBJC_CONFORMANCE_TEST_TRUE='#'
OBJDUMP='objdump'
OBJEXT='o'
OTOOL64=''
OTOOL=''
PACKAGE='protobuf'
PACKAGE_BUGREPORT='protobuf@googlegroups.com'
PACKAGE_NAME='Protocol Buffers'
PACKAGE_STRING='Protocol Buffers 3.6.1'
PACKAGE_TARNAME='protobuf'
PACKAGE_URL=''
PACKAGE_VERSION='3.6.1'
PATH_SEPARATOR=':'
POW_LIB=''
PROTOBUF_OPT_FLAG=''
PROTOC=''
PTHREAD_CC='gcc'
PTHREAD_CFLAGS='-pthread'
PTHREAD_LIBS=''
RANLIB='ranlib'
SED='/bin/sed'
SET_MAKE=''
SHELL='/bin/bash'
STRIP='strip'
USE_EXTERNAL_PROTOC_FALSE=''
USE_EXTERNAL_PROTOC_TRUE='#'
VERSION='3.6.1'
ac_ct_AR='ar'
ac_ct_CC='gcc'
ac_ct_CC_FOR_BUILD='gcc'
ac_ct_CXX='g++'
ac_ct_CXX_FOR_BUILD='g++'
ac_ct_DUMPBIN=''
ac_ct_OBJC='gcc'
am__EXEEXT_FALSE=''
am__EXEEXT_TRUE='#'
am__fastdepCC_FALSE='#'
am__fastdepCC_TRUE=''
am__fastdepCXX_FALSE='#'
am__fastdepCXX_TRUE=''
am__fastdepOBJC_FALSE='#'
am__fastdepOBJC_TRUE=''
am__include='include'
am__isrc=''
am__leading_dot='.'
am__nodep='_no'
am__quote=''
am__tar='tar --format=ustar -chf - "$$tardir"'
am__untar='tar -xf -'
ax_pthread_config=''
bindir='${exec_prefix}/bin'
build='x86_64-unknown-linux-gnu'
build_alias=''
build_cpu='x86_64'
build_os='linux-gnu'
build_vendor='unknown'
datadir='${datarootdir}'
datarootdir='${prefix}/share'
docdir='${datarootdir}/doc/${PACKAGE_TARNAME}'
dvidir='${docdir}'
exec_prefix='${prefix}'
host='x86_64-unknown-linux-gnu'
host_alias=''
host_cpu='x86_64'
host_os='linux-gnu'
host_vendor='unknown'
htmldir='${docdir}'
includedir='${prefix}/include'
infodir='${datarootdir}/info'
install_sh='${SHELL} /home/long/desktop/phxrpcsvr/third_part/phxrpc/third_part/protobuf/install-sh'
libdir='${exec_prefix}/lib'
libexecdir='${exec_prefix}/libexec'
localedir='${datarootdir}/locale'
localstatedir='${prefix}/var'
mandir='${datarootdir}/man'
mkdir_p='$(MKDIR_P)'
oldincludedir='/usr/include'
pdfdir='${docdir}'
prefix='/home/long/desktop/phxrpcsvr/third_part/phxrpc/third_part/protobuf'
program_transform_name='s,x,x,'
psdir='${docdir}'
sbindir='${exec_prefix}/sbin'
sharedstatedir='${prefix}/com'
subdirs=' third_party/googletest'
sysconfdir='${prefix}/etc'
target='x86_64-unknown-linux-gnu'
target_alias=''
target_cpu='x86_64'
target_os='linux-gnu'
target_vendor='unknown'

## ----------- ##
## confdefs.h. ##
## ----------- ##

/* confdefs.h */
#define PACKAGE_NAME "Protocol Buffers"
#define PACKAGE_TARNAME "protobuf"
#define PACKAGE_VERSION "3.6.1"
#define PACKAGE_STRING "Protocol Buffers 3.6.1"
#define PACKAGE_BUGREPORT "protobuf@googlegroups.com"
#define PACKAGE_URL ""
#define PACKAGE "protobuf"
#define VERSION "3.6.1"
#define STDC_HEADERS 1
#define HAVE_SYS_TYPES_H 1
#define HAVE_SYS_STAT_H 1
#define HAVE_STDLIB_H 1
#define HAVE_STRING_H 1
#define HAVE_MEMORY_H 1
#define HAVE_STRINGS_H 1
#define HAVE_INTTYPES_H 1
#define HAVE_STDINT_H 1
#define HAVE_UNISTD_H 1
#define __EXTENSIONS__ 1
#define _ALL_SOURCE 1
#define _GNU_SOURCE 1
#define _POSIX_PTHREAD_SEMANTICS 1
#define _TANDEM_SOURCE 1
#define HAVE_DLFCN_H 1
#define LT_OBJDIR ".libs/"
#define STDC_HEADERS 1
#define HAVE_FCNTL_H 1
#define HAVE_INTTYPES_H 1
#define HAVE_LIMITS_H 1
#define HAVE_STDLIB_H 1
#define HAVE_UNISTD_H 1
#define HAVE_FTRUNCATE 1
#define HAVE_MEMSET 1
#define HAVE_MKDIR 1
#define HAVE_STRCHR 1
#define HAVE_STRERROR 1
#define HAVE_STRTOL 1
#define HAVE_ZLIB 1
#define HAVE_PTHREAD_PRIO_INHERIT 1
#define HAVE_PTHREAD 1
#define HAVE_HASH_MAP 1
#define HAVE_HASH_SET 1
#define HASH_MAP_H <tr1/unordered_map>
#define HASH_SET_H <tr1/unordered_set>
#define HASH_NAMESPACE std::tr1
#define HASH_MAP_CLASS unordered_map
#define HASH_SET_CLASS unordered_set
#define HAVE_CXX11 1

configure: exit 0
